Change component parameters: Designator = "J1"; Footprint = "CON_PROG"; UniqueID = "\QRGXYNWW"
Change component parameters. Clean all parameters for all variants
Change component parameters (AddParameter): Name = "Fabricant"; Value = ""; VariantName = "[No Variations]"
Change component parameters (AddParameter): Name = "Fournisseur"; Value = ""; VariantName = "[No Variations]"
Change component parameters (AddParameter): Name = "Prix"; Value = ""; VariantName = "[No Variations]"
Change component parameters (AddParameter): Name = "Ref_Fabricant"; Value = ""; VariantName = "[No Variations]"
Change component parameters (AddParameter): Name = "Ref_Fournisseur"; Value = ""; VariantName = "[No Variations]"
Change component parameters: Designator = "M1"; Footprint = "I2C_OLED_0.96"; UniqueID = "\IDGGQYVI"
Change component parameters. Clean all parameters for all variants
Change component parameters (AddParameter): Name = "Fabricant"; Value = ""; VariantName = "[No Variations]"
Change component parameters (AddParameter): Name = "Fournisseur"; Value = ""; VariantName = "[No Variations]"
Change component parameters (AddParameter): Name = "Prix"; Value = ""; VariantName = "[No Variations]"
Change component parameters (AddParameter): Name = "Ref_Fabricant"; Value = ""; VariantName = "[No Variations]"
Change component parameters (AddParameter): Name = "Ref_Fournisseur"; Value = ""; VariantName = "[No Variations]"
Change component parameters: Designator = "U3"; Footprint = "SOT223"; UniqueID = "\FCQUYXMH"
Change component parameters. Clean all parameters for all variants
Change component parameters (AddParameter): Name = "Fabricant"; Value = "Texas"; VariantName = "[No Variations]"
Change component parameters (AddParameter): Name = "Fournisseur"; Value = "Farnell"; VariantName = "[No Variations]"
Change component parameters (AddParameter): Name = "Prix"; Value = "0.75"; VariantName = "[No Variations]"
Change component parameters (AddParameter): Name = "Ref_Fabricant"; Value = "TLV1117"; VariantName = "[No Variations]"
Change component parameters (AddParameter): Name = "Ref_Fournisseur"; Value = "1703385"; VariantName = "[No Variations]"
Change component parameters: Designator = "R1"; Footprint = "R0603"; UniqueID = "\HTGWTGFA"
Change component parameters. Clean all parameters for all variants
Change component parameters (AddParameter): Name = "Fabricant"; Value = ""; VariantName = "[No Variations]"
Change component parameters (AddParameter): Name = "Fournisseur"; Value = ""; VariantName = "[No Variations]"
Change component parameters (AddParameter): Name = "Ref_Fabricant"; Value = ""; VariantName = "[No Variations]"
Change component parameters (AddParameter): Name = "Ref_Fournisseur"; Value = ""; VariantName = "[No Variations]"
Change component parameters (AddParameter): Name = "Value"; Value = "375k"; VariantName = "[No Variations]"
Change component parameters: Designator = "R2"; Footprint = "R0603"; UniqueID = "\VBAQRJFF"
Change component parameters. Clean all parameters for all variants
Change component parameters (AddParameter): Name = "Fabricant"; Value = ""; VariantName = "[No Variations]"
Change component parameters (AddParameter): Name = "Fournisseur"; Value = ""; VariantName = "[No Variations]"
Change component parameters (AddParameter): Name = "Ref_Fabricant"; Value = ""; VariantName = "[No Variations]"
Change component parameters (AddParameter): Name = "Ref_Fournisseur"; Value = ""; VariantName = "[No Variations]"
Change component parameters (AddParameter): Name = "Value"; Value = "375k"; VariantName = "[No Variations]"
Change component parameters: Designator = "R3"; Footprint = "R0603"; UniqueID = "\LEBHUUVK"
Change component parameters. Clean all parameters for all variants
Change component parameters (AddParameter): Name = "Fabricant"; Value = ""; VariantName = "[No Variations]"
Change component parameters (AddParameter): Name = "Fournisseur"; Value = ""; VariantName = "[No Variations]"
Change component parameters (AddParameter): Name = "Ref_Fabricant"; Value = ""; VariantName = "[No Variations]"
Change component parameters (AddParameter): Name = "Ref_Fournisseur"; Value = ""; VariantName = "[No Variations]"
Change component parameters (AddParameter): Name = "Value"; Value = "3,8k"; VariantName = "[No Variations]"
Change component parameters: Designator = "R4"; Footprint = "R0603"; UniqueID = "\CYXHMTYU"
Change component parameters. Clean all parameters for all variants
Change component parameters (AddParameter): Name = "Fabricant"; Value = ""; VariantName = "[No Variations]"
Change component parameters (AddParameter): Name = "Fournisseur"; Value = ""; VariantName = "[No Variations]"
Change component parameters (AddParameter): Name = "Ref_Fabricant"; Value = ""; VariantName = "[No Variations]"
Change component parameters (AddParameter): Name = "Ref_Fournisseur"; Value = ""; VariantName = "[No Variations]"
Change component parameters (AddParameter): Name = "Value"; Value = "2.0"; VariantName = "[No Variations]"
Change component parameters: Designator = "R5"; Footprint = "R0603"; UniqueID = "\TAEHBNYW"
Change component parameters. Clean all parameters for all variants
Change component parameters (AddParameter): Name = "Fabricant"; Value = ""; VariantName = "[No Variations]"
Change component parameters (AddParameter): Name = "Fournisseur"; Value = ""; VariantName = "[No Variations]"
Change component parameters (AddParameter): Name = "Ref_Fabricant"; Value = ""; VariantName = "[No Variations]"
Change component parameters (AddParameter): Name = "Ref_Fournisseur"; Value = ""; VariantName = "[No Variations]"
Change component parameters (AddParameter): Name = "Value"; Value = "1k"; VariantName = "[No Variations]"
Change component parameters: Designator = "R6"; Footprint = "R0603"; UniqueID = "\WPIWPHGC"
Change component parameters. Clean all parameters for all variants
Change component parameters (AddParameter): Name = "Fabricant"; Value = ""; VariantName = "[No Variations]"
Change component parameters (AddParameter): Name = "Fournisseur"; Value = ""; VariantName = "[No Variations]"
Change component parameters (AddParameter): Name = "Ref_Fabricant"; Value = ""; VariantName = "[No Variations]"
Change component parameters (AddParameter): Name = "Ref_Fournisseur"; Value = ""; VariantName = "[No Variations]"
Change component parameters (AddParameter): Name = "Value"; Value = "10K"; VariantName = "[No Variations]"
Change component parameters: Designator = "R7"; Footprint = "R0603"; UniqueID = "\JJHEYDIS"
Change component parameters. Clean all parameters for all variants
Change component parameters (AddParameter): Name = "Fabricant"; Value = ""; VariantName = "[No Variations]"
Change component parameters (AddParameter): Name = "Fournisseur"; Value = ""; VariantName = "[No Variations]"
Change component parameters (AddParameter): Name = "Ref_Fabricant"; Value = ""; VariantName = "[No Variations]"
Change component parameters (AddParameter): Name = "Ref_Fournisseur"; Value = ""; VariantName = "[No Variations]"
Change component parameters (AddParameter): Name = "Value"; Value = "100K"; VariantName = "[No Variations]"
Change component parameters: Designator = "R8"; Footprint = "R0603"; UniqueID = "\HQVTXUQA"
Change component parameters. Clean all parameters for all variants
Change component parameters (AddParameter): Name = "Fabricant"; Value = ""; VariantName = "[No Variations]"
Change component parameters (AddParameter): Name = "Fournisseur"; Value = ""; VariantName = "[No Variations]"
Change component parameters (AddParameter): Name = "Ref_Fabricant"; Value = ""; VariantName = "[No Variations]"
Change component parameters (AddParameter): Name = "Ref_Fournisseur"; Value = ""; VariantName = "[No Variations]"
Change component parameters (AddParameter): Name = "Value"; Value = "100K"; VariantName = "[No Variations]"
Change component parameters: Designator = "R9"; Footprint = "R0603"; UniqueID = "\YKUUQTDD"
Change component parameters. Clean all parameters for all variants
Change component parameters (AddParameter): Name = "Fabricant"; Value = ""; VariantName = "[No Variations]"
Change component parameters (AddParameter): Name = "Fournisseur"; Value = ""; VariantName = "[No Variations]"
Change component parameters (AddParameter): Name = "Ref_Fabricant"; Value = ""; VariantName = "[No Variations]"
Change component parameters (AddParameter): Name = "Ref_Fournisseur"; Value = ""; VariantName = "[No Variations]"
Change component parameters (AddParameter): Name = "Value"; Value = "1M"; VariantName = "[No Variations]"
Change component parameters: Designator = "R10"; Footprint = "R0603"; UniqueID = "\CVPFAESL"
Change component parameters. Clean all parameters for all variants
Change component parameters (AddParameter): Name = "Fabricant"; Value = ""; VariantName = "[No Variations]"
Change component parameters (AddParameter): Name = "Fournisseur"; Value = ""; VariantName = "[No Variations]"
Change component parameters (AddParameter): Name = "Ref_Fabricant"; Value = ""; VariantName = "[No Variations]"
Change component parameters (AddParameter): Name = "Ref_Fournisseur"; Value = ""; VariantName = "[No Variations]"
Change component parameters (AddParameter): Name = "Value"; Value = "10K"; VariantName = "[No Variations]"
Change component parameters: Designator = "R11"; Footprint = "R0603"; UniqueID = "\FXQSPQOL"
Change component parameters. Clean all parameters for all variants
Change component parameters (AddParameter): Name = "Fabricant"; Value = ""; VariantName = "[No Variations]"
Change component parameters (AddParameter): Name = "Fournisseur"; Value = ""; VariantName = "[No Variations]"
Change component parameters (AddParameter): Name = "Ref_Fabricant"; Value = ""; VariantName = "[No Variations]"
Change component parameters (AddParameter): Name = "Ref_Fournisseur"; Value = ""; VariantName = "[No Variations]"
Change component parameters (AddParameter): Name = "Value"; Value = "10K"; VariantName = "[No Variations]"
Change component parameters: Designator = "R12"; Footprint = "R0603"; UniqueID = "\MXQBSXYY"
Change component parameters. Clean all parameters for all variants
Change component parameters (AddParameter): Name = "Fabricant"; Value = ""; VariantName = "[No Variations]"
Change component parameters (AddParameter): Name = "Fournisseur"; Value = ""; VariantName = "[No Variations]"
Change component parameters (AddParameter): Name = "Ref_Fabricant"; Value = ""; VariantName = "[No Variations]"
Change component parameters (AddParameter): Name = "Ref_Fournisseur"; Value = ""; VariantName = "[No Variations]"
Change component parameters (AddParameter): Name = "Value"; Value = "10K"; VariantName = "[No Variations]"
Change component parameters: Designator = "R13"; Footprint = "R0603"; UniqueID = "\JGMHTMRE"
Change component parameters. Clean all parameters for all variants
Change component parameters (AddParameter): Name = "Fabricant"; Value = ""; VariantName = "[No Variations]"
Change component parameters (AddParameter): Name = "Fournisseur"; Value = ""; VariantName = "[No Variations]"
Change component parameters (AddParameter): Name = "Ref_Fabricant"; Value = ""; VariantName = "[No Variations]"
Change component parameters (AddParameter): Name = "Ref_Fournisseur"; Value = ""; VariantName = "[No Variations]"
Change component parameters (AddParameter): Name = "Value"; Value = "10K"; VariantName = "[No Variations]"
Change component parameters: Designator = "R14"; Footprint = "R0603"; UniqueID = "\GWCDRVAX"
Change component parameters. Clean all parameters for all variants
Change component parameters (AddParameter): Name = "Fabricant"; Value = ""; VariantName = "[No Variations]"
Change component parameters (AddParameter): Name = "Fournisseur"; Value = ""; VariantName = "[No Variations]"
Change component parameters (AddParameter): Name = "Ref_Fabricant"; Value = ""; VariantName = "[No Variations]"
Change component parameters (AddParameter): Name = "Ref_Fournisseur"; Value = ""; VariantName = "[No Variations]"
Change component parameters (AddParameter): Name = "Value"; Value = "100R"; VariantName = "[No Variations]"
Change component parameters: Designator = "R15"; Footprint = "R0603"; UniqueID = "\CBVJFIFS"
Change component parameters. Clean all parameters for all variants
Change component parameters (AddParameter): Name = "Fabricant"; Value = ""; VariantName = "[No Variations]"
Change component parameters (AddParameter): Name = "Fournisseur"; Value = ""; VariantName = "[No Variations]"
Change component parameters (AddParameter): Name = "Ref_Fabricant"; Value = ""; VariantName = "[No Variations]"
Change component parameters (AddParameter): Name = "Ref_Fournisseur"; Value = ""; VariantName = "[No Variations]"
Change component parameters (AddParameter): Name = "Value"; Value = "100R"; VariantName = "[No Variations]"
Change component parameters (AddParameter): Name = "Fabricant"; Value = ""; VariantName = "Decoupe"
Change component parameters (AddParameter): Name = "Fournisseur"; Value = ""; VariantName = "Decoupe"
Change component parameters (AddParameter): Name = "Ref_Fabricant"; Value = ""; VariantName = "Decoupe"
Change component parameters (AddParameter): Name = "Ref_Fournisseur"; Value = ""; VariantName = "Decoupe"
Change component parameters (AddParameter): Name = "Value"; Value = "100R"; VariantName = "Decoupe"
Change component parameters: Designator = "R16"; Footprint = "R0603"; UniqueID = "\QVUTFYCS"
Change component parameters. Clean all parameters for all variants
Change component parameters (AddParameter): Name = "Fabricant"; Value = ""; VariantName = "[No Variations]"
Change component parameters (AddParameter): Name = "Fournisseur"; Value = ""; VariantName = "[No Variations]"
Change component parameters (AddParameter): Name = "Ref_Fabricant"; Value = ""; VariantName = "[No Variations]"
Change component parameters (AddParameter): Name = "Ref_Fournisseur"; Value = ""; VariantName = "[No Variations]"
Change component parameters (AddParameter): Name = "Value"; Value = "100R"; VariantName = "[No Variations]"
Change component parameters (AddParameter): Name = "Fabricant"; Value = ""; VariantName = "Decoupe"
Change component parameters (AddParameter): Name = "Fournisseur"; Value = ""; VariantName = "Decoupe"
Change component parameters (AddParameter): Name = "Ref_Fabricant"; Value = ""; VariantName = "Decoupe"
Change component parameters (AddParameter): Name = "Ref_Fournisseur"; Value = ""; VariantName = "Decoupe"
Change component parameters (AddParameter): Name = "Value"; Value = "100R"; VariantName = "Decoupe"
Change component parameters: Designator = "R17"; Footprint = "R0603"; UniqueID = "\BHAGWLLF"
Change component parameters. Clean all parameters for all variants
Change component parameters (AddParameter): Name = "Fabricant"; Value = ""; VariantName = "[No Variations]"
Change component parameters (AddParameter): Name = "Fournisseur"; Value = ""; VariantName = "[No Variations]"
Change component parameters (AddParameter): Name = "Ref_Fabricant"; Value = ""; VariantName = "[No Variations]"
Change component parameters (AddParameter): Name = "Ref_Fournisseur"; Value = ""; VariantName = "[No Variations]"
Change component parameters (AddParameter): Name = "Value"; Value = "100R"; VariantName = "[No Variations]"
Change component parameters (AddParameter): Name = "Fabricant"; Value = ""; VariantName = "Decoupe"
Change component parameters (AddParameter): Name = "Fournisseur"; Value = ""; VariantName = "Decoupe"
Change component parameters (AddParameter): Name = "Ref_Fabricant"; Value = ""; VariantName = "Decoupe"
Change component parameters (AddParameter): Name = "Ref_Fournisseur"; Value = ""; VariantName = "Decoupe"
Change component parameters (AddParameter): Name = "Value"; Value = "100R"; VariantName = "Decoupe"
Change component parameters: Designator = "R22"; Footprint = "R0603"; UniqueID = "\CIKUQDNJ"
Change component parameters. Clean all parameters for all variants
Change component parameters (AddParameter): Name = "Fabricant"; Value = ""; VariantName = "[No Variations]"
Change component parameters (AddParameter): Name = "Fournisseur"; Value = ""; VariantName = "[No Variations]"
Change component parameters (AddParameter): Name = "Ref_Fabricant"; Value = ""; VariantName = "[No Variations]"
Change component parameters (AddParameter): Name = "Ref_Fournisseur"; Value = ""; VariantName = "[No Variations]"
Change component parameters (AddParameter): Name = "Value"; Value = "1k"; VariantName = "[No Variations]"
Change component parameters: Designator = "R23"; Footprint = "R0603"; UniqueID = "\MWRQDYGE"
Change component parameters. Clean all parameters for all variants
Change component parameters (AddParameter): Name = "Fabricant"; Value = ""; VariantName = "[No Variations]"
Change component parameters (AddParameter): Name = "Fournisseur"; Value = ""; VariantName = "[No Variations]"
Change component parameters (AddParameter): Name = "Ref_Fabricant"; Value = ""; VariantName = "[No Variations]"
Change component parameters (AddParameter): Name = "Ref_Fournisseur"; Value = ""; VariantName = "[No Variations]"
Change component parameters (AddParameter): Name = "Value"; Value = "1k"; VariantName = "[No Variations]"
Change component parameters (AddParameter): Name = "Fabricant"; Value = ""; VariantName = "Decoupe"
Change component parameters (AddParameter): Name = "Fournisseur"; Value = ""; VariantName = "Decoupe"
Change component parameters (AddParameter): Name = "Ref_Fabricant"; Value = ""; VariantName = "Decoupe"
Change component parameters (AddParameter): Name = "Ref_Fournisseur"; Value = ""; VariantName = "Decoupe"
Change component parameters (AddParameter): Name = "Value"; Value = "1k"; VariantName = "Decoupe"
Change component parameters: Designator = "R24"; Footprint = "R0603"; UniqueID = "\AVKREXTM"
Change component parameters. Clean all parameters for all variants
Change component parameters (AddParameter): Name = "Fabricant"; Value = ""; VariantName = "[No Variations]"
Change component parameters (AddParameter): Name = "Fournisseur"; Value = ""; VariantName = "[No Variations]"
Change component parameters (AddParameter): Name = "Ref_Fabricant"; Value = ""; VariantName = "[No Variations]"
Change component parameters (AddParameter): Name = "Ref_Fournisseur"; Value = ""; VariantName = "[No Variations]"
Change component parameters (AddParameter): Name = "Value"; Value = "100k"; VariantName = "[No Variations]"
Change component parameters: Designator = "R25"; Footprint = "R0603"; UniqueID = "\TWFBSLBQ"
Change component parameters. Clean all parameters for all variants
Change component parameters (AddParameter): Name = "Fabricant"; Value = ""; VariantName = "[No Variations]"
Change component parameters (AddParameter): Name = "Fournisseur"; Value = ""; VariantName = "[No Variations]"
Change component parameters (AddParameter): Name = "Ref_Fabricant"; Value = ""; VariantName = "[No Variations]"
Change component parameters (AddParameter): Name = "Ref_Fournisseur"; Value = ""; VariantName = "[No Variations]"
Change component parameters (AddParameter): Name = "Value"; Value = "100k"; VariantName = "[No Variations]"
Change component parameters (AddParameter): Name = "Fabricant"; Value = ""; VariantName = "Decoupe"
Change component parameters (AddParameter): Name = "Fournisseur"; Value = ""; VariantName = "Decoupe"
Change component parameters (AddParameter): Name = "Ref_Fabricant"; Value = ""; VariantName = "Decoupe"
Change component parameters (AddParameter): Name = "Ref_Fournisseur"; Value = ""; VariantName = "Decoupe"
Change component parameters (AddParameter): Name = "Value"; Value = "100k"; VariantName = "Decoupe"
Change component parameters: Designator = "R26"; Footprint = "R0603"; UniqueID = "\DKJRWHUE"
Change component parameters. Clean all parameters for all variants
Change component parameters (AddParameter): Name = "Fabricant"; Value = ""; VariantName = "[No Variations]"
Change component parameters (AddParameter): Name = "Fournisseur"; Value = ""; VariantName = "[No Variations]"
Change component parameters (AddParameter): Name = "Ref_Fabricant"; Value = ""; VariantName = "[No Variations]"
Change component parameters (AddParameter): Name = "Ref_Fournisseur"; Value = ""; VariantName = "[No Variations]"
Change component parameters (AddParameter): Name = "Value"; Value = "1k"; VariantName = "[No Variations]"
Change component parameters: Designator = "R27"; Footprint = "R0603"; UniqueID = "\DNJGDFDH"
Change component parameters. Clean all parameters for all variants
Change component parameters (AddParameter): Name = "Fabricant"; Value = ""; VariantName = "[No Variations]"
Change component parameters (AddParameter): Name = "Fournisseur"; Value = ""; VariantName = "[No Variations]"
Change component parameters (AddParameter): Name = "Ref_Fabricant"; Value = ""; VariantName = "[No Variations]"
Change component parameters (AddParameter): Name = "Ref_Fournisseur"; Value = ""; VariantName = "[No Variations]"
Change component parameters (AddParameter): Name = "Value"; Value = "100k"; VariantName = "[No Variations]"
Change component parameters: Designator = "R28"; Footprint = "R0603"; UniqueID = "\EQCXYBSI"
Change component parameters. Clean all parameters for all variants
Change component parameters (AddParameter): Name = "Fabricant"; Value = ""; VariantName = "[No Variations]"
Change component parameters (AddParameter): Name = "Fournisseur"; Value = ""; VariantName = "[No Variations]"
Change component parameters (AddParameter): Name = "Ref_Fabricant"; Value = ""; VariantName = "[No Variations]"
Change component parameters (AddParameter): Name = "Ref_Fournisseur"; Value = ""; VariantName = "[No Variations]"
Change component parameters (AddParameter): Name = "Value"; Value = "1k"; VariantName = "[No Variations]"
Change component parameters (AddParameter): Name = "Fabricant"; Value = ""; VariantName = "Decoupe"
Change component parameters (AddParameter): Name = "Fournisseur"; Value = ""; VariantName = "Decoupe"
Change component parameters (AddParameter): Name = "Ref_Fabricant"; Value = ""; VariantName = "Decoupe"
Change component parameters (AddParameter): Name = "Ref_Fournisseur"; Value = ""; VariantName = "Decoupe"
Change component parameters (AddParameter): Name = "Value"; Value = "1k"; VariantName = "Decoupe"
Change component parameters: Designator = "R29"; Footprint = "R0603"; UniqueID = "\WEDJRKLS"
Change component parameters. Clean all parameters for all variants
Change component parameters (AddParameter): Name = "Fabricant"; Value = ""; VariantName = "[No Variations]"
Change component parameters (AddParameter): Name = "Fournisseur"; Value = ""; VariantName = "[No Variations]"
Change component parameters (AddParameter): Name = "Ref_Fabricant"; Value = ""; VariantName = "[No Variations]"
Change component parameters (AddParameter): Name = "Ref_Fournisseur"; Value = ""; VariantName = "[No Variations]"
Change component parameters (AddParameter): Name = "Value"; Value = "100k"; VariantName = "[No Variations]"
Change component parameters (AddParameter): Name = "Fabricant"; Value = ""; VariantName = "Decoupe"
Change component parameters (AddParameter): Name = "Fournisseur"; Value = ""; VariantName = "Decoupe"
Change component parameters (AddParameter): Name = "Ref_Fabricant"; Value = ""; VariantName = "Decoupe"
Change component parameters (AddParameter): Name = "Ref_Fournisseur"; Value = ""; VariantName = "Decoupe"
Change component parameters (AddParameter): Name = "Value"; Value = "100k"; VariantName = "Decoupe"
Change component parameters: Designator = "R30"; Footprint = "R0603"; UniqueID = "\BYHGEGOJ"
Change component parameters. Clean all parameters for all variants
Change component parameters (AddParameter): Name = "Fabricant"; Value = ""; VariantName = "[No Variations]"
Change component parameters (AddParameter): Name = "Fournisseur"; Value = ""; VariantName = "[No Variations]"
Change component parameters (AddParameter): Name = "Ref_Fabricant"; Value = ""; VariantName = "[No Variations]"
Change component parameters (AddParameter): Name = "Ref_Fournisseur"; Value = ""; VariantName = "[No Variations]"
Change component parameters (AddParameter): Name = "Value"; Value = "1M"; VariantName = "[No Variations]"
Change component parameters (AddParameter): Name = "Fabricant"; Value = ""; VariantName = "Decoupe"
Change component parameters (AddParameter): Name = "Fournisseur"; Value = ""; VariantName = "Decoupe"
Change component parameters (AddParameter): Name = "Ref_Fabricant"; Value = ""; VariantName = "Decoupe"
Change component parameters (AddParameter): Name = "Ref_Fournisseur"; Value = ""; VariantName = "Decoupe"
Change component parameters (AddParameter): Name = "Value"; Value = "1M"; VariantName = "Decoupe"
Change component parameters: Designator = "R31"; Footprint = "R0603"; UniqueID = "\QMBMOGSM"
Change component parameters. Clean all parameters for all variants
Change component parameters (AddParameter): Name = "Fabricant"; Value = ""; VariantName = "[No Variations]"
Change component parameters (AddParameter): Name = "Fournisseur"; Value = ""; VariantName = "[No Variations]"
Change component parameters (AddParameter): Name = "Ref_Fabricant"; Value = ""; VariantName = "[No Variations]"
Change component parameters (AddParameter): Name = "Ref_Fournisseur"; Value = ""; VariantName = "[No Variations]"
Change component parameters (AddParameter): Name = "Value"; Value = "1M"; VariantName = "[No Variations]"
Change component parameters (AddParameter): Name = "Fabricant"; Value = ""; VariantName = "Decoupe"
Change component parameters (AddParameter): Name = "Fournisseur"; Value = ""; VariantName = "Decoupe"
Change component parameters (AddParameter): Name = "Ref_Fabricant"; Value = ""; VariantName = "Decoupe"
Change component parameters (AddParameter): Name = "Ref_Fournisseur"; Value = ""; VariantName = "Decoupe"
Change component parameters (AddParameter): Name = "Value"; Value = "1M"; VariantName = "Decoupe"
Change component parameters: Designator = "R32"; Footprint = "R0603"; UniqueID = "\EUDJEVDN"
Change component parameters. Clean all parameters for all variants
Change component parameters (AddParameter): Name = "Fabricant"; Value = ""; VariantName = "[No Variations]"
Change component parameters (AddParameter): Name = "Fournisseur"; Value = ""; VariantName = "[No Variations]"
Change component parameters (AddParameter): Name = "Ref_Fabricant"; Value = ""; VariantName = "[No Variations]"
Change component parameters (AddParameter): Name = "Ref_Fournisseur"; Value = ""; VariantName = "[No Variations]"
Change component parameters (AddParameter): Name = "Value"; Value = "1k"; VariantName = "[No Variations]"
Change component parameters (AddParameter): Name = "Fabricant"; Value = ""; VariantName = "Decoupe"
Change component parameters (AddParameter): Name = "Fournisseur"; Value = ""; VariantName = "Decoupe"
Change component parameters (AddParameter): Name = "Ref_Fabricant"; Value = ""; VariantName = "Decoupe"
Change component parameters (AddParameter): Name = "Ref_Fournisseur"; Value = ""; VariantName = "Decoupe"
Change component parameters (AddParameter): Name = "Value"; Value = "1k"; VariantName = "Decoupe"
Change component parameters: Designator = "R33"; Footprint = "R0603"; UniqueID = "\NNJHUUYA"
Change component parameters. Clean all parameters for all variants
Change component parameters (AddParameter): Name = "Fabricant"; Value = ""; VariantName = "[No Variations]"
Change component parameters (AddParameter): Name = "Fournisseur"; Value = ""; VariantName = "[No Variations]"
Change component parameters (AddParameter): Name = "Ref_Fabricant"; Value = ""; VariantName = "[No Variations]"
Change component parameters (AddParameter): Name = "Ref_Fournisseur"; Value = ""; VariantName = "[No Variations]"
Change component parameters (AddParameter): Name = "Value"; Value = "1k"; VariantName = "[No Variations]"
Change component parameters (AddParameter): Name = "Fabricant"; Value = ""; VariantName = "Decoupe"
Change component parameters (AddParameter): Name = "Fournisseur"; Value = ""; VariantName = "Decoupe"
Change component parameters (AddParameter): Name = "Ref_Fabricant"; Value = ""; VariantName = "Decoupe"
Change component parameters (AddParameter): Name = "Ref_Fournisseur"; Value = ""; VariantName = "Decoupe"
Change component parameters (AddParameter): Name = "Value"; Value = "1k"; VariantName = "Decoupe"
Change component parameters: Designator = "R34"; Footprint = "R0603"; UniqueID = "\YDVBRCAL"
Change component parameters. Clean all parameters for all variants
Change component parameters (AddParameter): Name = "Fabricant"; Value = ""; VariantName = "[No Variations]"
Change component parameters (AddParameter): Name = "Fournisseur"; Value = ""; VariantName = "[No Variations]"
Change component parameters (AddParameter): Name = "Ref_Fabricant"; Value = ""; VariantName = "[No Variations]"
Change component parameters (AddParameter): Name = "Ref_Fournisseur"; Value = ""; VariantName = "[No Variations]"
Change component parameters (AddParameter): Name = "Value"; Value = "100k"; VariantName = "[No Variations]"
Change component parameters (AddParameter): Name = "Fabricant"; Value = ""; VariantName = "Decoupe"
Change component parameters (AddParameter): Name = "Fournisseur"; Value = ""; VariantName = "Decoupe"
Change component parameters (AddParameter): Name = "Ref_Fabricant"; Value = ""; VariantName = "Decoupe"
Change component parameters (AddParameter): Name = "Ref_Fournisseur"; Value = ""; VariantName = "Decoupe"
Change component parameters (AddParameter): Name = "Value"; Value = "100k"; VariantName = "Decoupe"
Change component parameters: Designator = "R35"; Footprint = "R0603"; UniqueID = "\EBCDFQNM"
Change component parameters. Clean all parameters for all variants
Change component parameters (AddParameter): Name = "Fabricant"; Value = ""; VariantName = "[No Variations]"
Change component parameters (AddParameter): Name = "Fournisseur"; Value = ""; VariantName = "[No Variations]"
Change component parameters (AddParameter): Name = "Ref_Fabricant"; Value = ""; VariantName = "[No Variations]"
Change component parameters (AddParameter): Name = "Ref_Fournisseur"; Value = ""; VariantName = "[No Variations]"
Change component parameters (AddParameter): Name = "Value"; Value = "100k"; VariantName = "[No Variations]"
Change component parameters (AddParameter): Name = "Fabricant"; Value = ""; VariantName = "Decoupe"
Change component parameters (AddParameter): Name = "Fournisseur"; Value = ""; VariantName = "Decoupe"
Change component parameters (AddParameter): Name = "Ref_Fabricant"; Value = ""; VariantName = "Decoupe"
Change component parameters (AddParameter): Name = "Ref_Fournisseur"; Value = ""; VariantName = "Decoupe"
Change component parameters (AddParameter): Name = "Value"; Value = "100k"; VariantName = "Decoupe"
Change component parameters: Designator = "R36"; Footprint = "R0603"; UniqueID = "\NXLGPLLB"
Change component parameters. Clean all parameters for all variants
Change component parameters (AddParameter): Name = "Fabricant"; Value = ""; VariantName = "[No Variations]"
Change component parameters (AddParameter): Name = "Fournisseur"; Value = ""; VariantName = "[No Variations]"
Change component parameters (AddParameter): Name = "Ref_Fabricant"; Value = ""; VariantName = "[No Variations]"
Change component parameters (AddParameter): Name = "Ref_Fournisseur"; Value = ""; VariantName = "[No Variations]"
Change component parameters (AddParameter): Name = "Value"; Value = "1k"; VariantName = "[No Variations]"
Change component parameters (AddParameter): Name = "Fabricant"; Value = ""; VariantName = "Decoupe"
Change component parameters (AddParameter): Name = "Fournisseur"; Value = ""; VariantName = "Decoupe"
Change component parameters (AddParameter): Name = "Ref_Fabricant"; Value = ""; VariantName = "Decoupe"
Change component parameters (AddParameter): Name = "Ref_Fournisseur"; Value = ""; VariantName = "Decoupe"
Change component parameters (AddParameter): Name = "Value"; Value = "1k"; VariantName = "Decoupe"
Change component parameters: Designator = "R37"; Footprint = "R0603"; UniqueID = "\SDYIDVSN"
Change component parameters. Clean all parameters for all variants
Change component parameters (AddParameter): Name = "Fabricant"; Value = ""; VariantName = "[No Variations]"
Change component parameters (AddParameter): Name = "Fournisseur"; Value = ""; VariantName = "[No Variations]"
Change component parameters (AddParameter): Name = "Ref_Fabricant"; Value = ""; VariantName = "[No Variations]"
Change component parameters (AddParameter): Name = "Ref_Fournisseur"; Value = ""; VariantName = "[No Variations]"
Change component parameters (AddParameter): Name = "Value"; Value = "1k"; VariantName = "[No Variations]"
Change component parameters (AddParameter): Name = "Fabricant"; Value = ""; VariantName = "Decoupe"
Change component parameters (AddParameter): Name = "Fournisseur"; Value = ""; VariantName = "Decoupe"
Change component parameters (AddParameter): Name = "Ref_Fabricant"; Value = ""; VariantName = "Decoupe"
Change component parameters (AddParameter): Name = "Ref_Fournisseur"; Value = ""; VariantName = "Decoupe"
Change component parameters (AddParameter): Name = "Value"; Value = "1k"; VariantName = "Decoupe"
Change component parameters: Designator = "R38"; Footprint = "R0603"; UniqueID = "\NYKUWALG"
Change component parameters. Clean all parameters for all variants
Change component parameters (AddParameter): Name = "Fabricant"; Value = ""; VariantName = "[No Variations]"
Change component parameters (AddParameter): Name = "Fournisseur"; Value = ""; VariantName = "[No Variations]"
Change component parameters (AddParameter): Name = "Ref_Fabricant"; Value = ""; VariantName = "[No Variations]"
Change component parameters (AddParameter): Name = "Ref_Fournisseur"; Value = ""; VariantName = "[No Variations]"
Change component parameters (AddParameter): Name = "Value"; Value = "100k"; VariantName = "[No Variations]"
Change component parameters (AddParameter): Name = "Fabricant"; Value = ""; VariantName = "Decoupe"
Change component parameters (AddParameter): Name = "Fournisseur"; Value = ""; VariantName = "Decoupe"
Change component parameters (AddParameter): Name = "Ref_Fabricant"; Value = ""; VariantName = "Decoupe"
Change component parameters (AddParameter): Name = "Ref_Fournisseur"; Value = ""; VariantName = "Decoupe"
Change component parameters (AddParameter): Name = "Value"; Value = "100k"; VariantName = "Decoupe"
Change component parameters: Designator = "R39"; Footprint = "R0603"; UniqueID = "\VOFTVCWR"
Change component parameters. Clean all parameters for all variants
Change component parameters (AddParameter): Name = "Fabricant"; Value = ""; VariantName = "[No Variations]"
Change component parameters (AddParameter): Name = "Fournisseur"; Value = ""; VariantName = "[No Variations]"
Change component parameters (AddParameter): Name = "Ref_Fabricant"; Value = ""; VariantName = "[No Variations]"
Change component parameters (AddParameter): Name = "Ref_Fournisseur"; Value = ""; VariantName = "[No Variations]"
Change component parameters (AddParameter): Name = "Value"; Value = "1k"; VariantName = "[No Variations]"
Change component parameters (AddParameter): Name = "Fabricant"; Value = ""; VariantName = "Decoupe"
Change component parameters (AddParameter): Name = "Fournisseur"; Value = ""; VariantName = "Decoupe"
Change component parameters (AddParameter): Name = "Ref_Fabricant"; Value = ""; VariantName = "Decoupe"
Change component parameters (AddParameter): Name = "Ref_Fournisseur"; Value = ""; VariantName = "Decoupe"
Change component parameters (AddParameter): Name = "Value"; Value = "1k"; VariantName = "Decoupe"
Change component parameters: Designator = "R40"; Footprint = "R0603"; UniqueID = "\FXMQLKQL"
Change component parameters. Clean all parameters for all variants
Change component parameters (AddParameter): Name = "Fabricant"; Value = ""; VariantName = "[No Variations]"
Change component parameters (AddParameter): Name = "Fournisseur"; Value = ""; VariantName = "[No Variations]"
Change component parameters (AddParameter): Name = "Ref_Fabricant"; Value = ""; VariantName = "[No Variations]"
Change component parameters (AddParameter): Name = "Ref_Fournisseur"; Value = ""; VariantName = "[No Variations]"
Change component parameters (AddParameter): Name = "Value"; Value = "100k"; VariantName = "[No Variations]"
Change component parameters (AddParameter): Name = "Fabricant"; Value = ""; VariantName = "Decoupe"
Change component parameters (AddParameter): Name = "Fournisseur"; Value = ""; VariantName = "Decoupe"
Change component parameters (AddParameter): Name = "Ref_Fabricant"; Value = ""; VariantName = "Decoupe"
Change component parameters (AddParameter): Name = "Ref_Fournisseur"; Value = ""; VariantName = "Decoupe"
Change component parameters (AddParameter): Name = "Value"; Value = "100k"; VariantName = "Decoupe"
Change component parameters: Designator = "R41"; Footprint = "R0603"; UniqueID = "\HXIRXYVV"
Change component parameters. Clean all parameters for all variants
Change component parameters (AddParameter): Name = "Fabricant"; Value = ""; VariantName = "[No Variations]"
Change component parameters (AddParameter): Name = "Fournisseur"; Value = ""; VariantName = "[No Variations]"
Change component parameters (AddParameter): Name = "Ref_Fabricant"; Value = ""; VariantName = "[No Variations]"
Change component parameters (AddParameter): Name = "Ref_Fournisseur"; Value = ""; VariantName = "[No Variations]"
Change component parameters (AddParameter): Name = "Value"; Value = "1k"; VariantName = "[No Variations]"
Change component parameters (AddParameter): Name = "Fabricant"; Value = ""; VariantName = "Decoupe"
Change component parameters (AddParameter): Name = "Fournisseur"; Value = ""; VariantName = "Decoupe"
Change component parameters (AddParameter): Name = "Ref_Fabricant"; Value = ""; VariantName = "Decoupe"
Change component parameters (AddParameter): Name = "Ref_Fournisseur"; Value = ""; VariantName = "Decoupe"
Change component parameters (AddParameter): Name = "Value"; Value = "1k"; VariantName = "Decoupe"
Change component parameters: Designator = "R42"; Footprint = "R0603"; UniqueID = "\VMPFBPFW"
Change component parameters. Clean all parameters for all variants
Change component parameters (AddParameter): Name = "Fabricant"; Value = ""; VariantName = "[No Variations]"
Change component parameters (AddParameter): Name = "Fournisseur"; Value = ""; VariantName = "[No Variations]"
Change component parameters (AddParameter): Name = "Ref_Fabricant"; Value = ""; VariantName = "[No Variations]"
Change component parameters (AddParameter): Name = "Ref_Fournisseur"; Value = ""; VariantName = "[No Variations]"
Change component parameters (AddParameter): Name = "Value"; Value = "100K"; VariantName = "[No Variations]"
Change component parameters: Designator = "R43"; Footprint = "R0603"; UniqueID = "\NIRJEKLO"
Change component parameters. Clean all parameters for all variants
Change component parameters (AddParameter): Name = "Fabricant"; Value = ""; VariantName = "[No Variations]"
Change component parameters (AddParameter): Name = "Fournisseur"; Value = ""; VariantName = "[No Variations]"
Change component parameters (AddParameter): Name = "Ref_Fabricant"; Value = ""; VariantName = "[No Variations]"
Change component parameters (AddParameter): Name = "Ref_Fournisseur"; Value = ""; VariantName = "[No Variations]"
Change component parameters (AddParameter): Name = "Value"; Value = "100K"; VariantName = "[No Variations]"
Change component parameters: Designator = "R44"; Footprint = "R0603"; UniqueID = "\PUUSJUJP"
Change component parameters. Clean all parameters for all variants
Change component parameters (AddParameter): Name = "Fabricant"; Value = ""; VariantName = "[No Variations]"
Change component parameters (AddParameter): Name = "Fournisseur"; Value = ""; VariantName = "[No Variations]"
Change component parameters (AddParameter): Name = "Ref_Fabricant"; Value = ""; VariantName = "[No Variations]"
Change component parameters (AddParameter): Name = "Ref_Fournisseur"; Value = ""; VariantName = "[No Variations]"
Change component parameters (AddParameter): Name = "Value"; Value = "100K"; VariantName = "[No Variations]"
Change component parameters: Designator = "R45"; Footprint = "R0603"; UniqueID = "\JBFJWNOT"
Change component parameters. Clean all parameters for all variants
Change component parameters (AddParameter): Name = "Fabricant"; Value = ""; VariantName = "[No Variations]"
Change component parameters (AddParameter): Name = "Fournisseur"; Value = ""; VariantName = "[No Variations]"
Change component parameters (AddParameter): Name = "Ref_Fabricant"; Value = ""; VariantName = "[No Variations]"
Change component parameters (AddParameter): Name = "Ref_Fournisseur"; Value = ""; VariantName = "[No Variations]"
Change component parameters (AddParameter): Name = "Value"; Value = "10k"; VariantName = "[No Variations]"
Change component parameters: Designator = "R46"; Footprint = "R0603"; UniqueID = "\LILOTFUV"
Change component parameters. Clean all parameters for all variants
Change component parameters (AddParameter): Name = "Fabricant"; Value = ""; VariantName = "[No Variations]"
Change component parameters (AddParameter): Name = "Fournisseur"; Value = ""; VariantName = "[No Variations]"
Change component parameters (AddParameter): Name = "Ref_Fabricant"; Value = ""; VariantName = "[No Variations]"
Change component parameters (AddParameter): Name = "Ref_Fournisseur"; Value = ""; VariantName = "[No Variations]"
Change component parameters (AddParameter): Name = "Value"; Value = "10k"; VariantName = "[No Variations]"
Change component parameters: Designator = "R47"; Footprint = "R0603"; UniqueID = "\OSJNNHTP"
Change component parameters. Clean all parameters for all variants
Change component parameters (AddParameter): Name = "Fabricant"; Value = ""; VariantName = "[No Variations]"
Change component parameters (AddParameter): Name = "Fournisseur"; Value = ""; VariantName = "[No Variations]"
Change component parameters (AddParameter): Name = "Ref_Fabricant"; Value = ""; VariantName = "[No Variations]"
Change component parameters (AddParameter): Name = "Ref_Fournisseur"; Value = ""; VariantName = "[No Variations]"
Change component parameters (AddParameter): Name = "Value"; Value = "100k"; VariantName = "[No Variations]"
Change component parameters: Designator = "R48"; Footprint = "R0603"; UniqueID = "\LECORYGG"
Change component parameters. Clean all parameters for all variants
Change component parameters (AddParameter): Name = "Fabricant"; Value = ""; VariantName = "[No Variations]"
Change component parameters (AddParameter): Name = "Fournisseur"; Value = ""; VariantName = "[No Variations]"
Change component parameters (AddParameter): Name = "Ref_Fabricant"; Value = ""; VariantName = "[No Variations]"
Change component parameters (AddParameter): Name = "Ref_Fournisseur"; Value = ""; VariantName = "[No Variations]"
Change component parameters (AddParameter): Name = "Value"; Value = "100k"; VariantName = "[No Variations]"
Change component parameters: Designator = "R49"; Footprint = "R0603"; UniqueID = "\MPLUMRCN"
Change component parameters. Clean all parameters for all variants
Change component parameters (AddParameter): Name = "Fabricant"; Value = ""; VariantName = "[No Variations]"
Change component parameters (AddParameter): Name = "Fournisseur"; Value = ""; VariantName = "[No Variations]"
Change component parameters (AddParameter): Name = "Ref_Fabricant"; Value = ""; VariantName = "[No Variations]"
Change component parameters (AddParameter): Name = "Ref_Fournisseur"; Value = ""; VariantName = "[No Variations]"
Change component parameters (AddParameter): Name = "Value"; Value = "10k"; VariantName = "[No Variations]"
Change component parameters: Designator = "R50"; Footprint = "R0603"; UniqueID = "\WIYAMXLV"
Change component parameters. Clean all parameters for all variants
Change component parameters (AddParameter): Name = "Fabricant"; Value = ""; VariantName = "[No Variations]"
Change component parameters (AddParameter): Name = "Fournisseur"; Value = ""; VariantName = "[No Variations]"
Change component parameters (AddParameter): Name = "Ref_Fabricant"; Value = ""; VariantName = "[No Variations]"
Change component parameters (AddParameter): Name = "Ref_Fournisseur"; Value = ""; VariantName = "[No Variations]"
Change component parameters (AddParameter): Name = "Value"; Value = "10k"; VariantName = "[No Variations]"
Change component parameters: Designator = "R51"; Footprint = "R0603"; UniqueID = "\GNEUTNKT"
Change component parameters. Clean all parameters for all variants
Change component parameters (AddParameter): Name = "Fabricant"; Value = ""; VariantName = "[No Variations]"
Change component parameters (AddParameter): Name = "Fournisseur"; Value = ""; VariantName = "[No Variations]"
Change component parameters (AddParameter): Name = "Ref_Fabricant"; Value = ""; VariantName = "[No Variations]"
Change component parameters (AddParameter): Name = "Ref_Fournisseur"; Value = ""; VariantName = "[No Variations]"
Change component parameters (AddParameter): Name = "Value"; Value = "100K"; VariantName = "[No Variations]"
Change component parameters: Designator = "R52"; Footprint = "R0603"; UniqueID = "\VWIKNPGJ"
Change component parameters. Clean all parameters for all variants
Change component parameters (AddParameter): Name = "Fabricant"; Value = ""; VariantName = "[No Variations]"
Change component parameters (AddParameter): Name = "Fournisseur"; Value = ""; VariantName = "[No Variations]"
Change component parameters (AddParameter): Name = "Ref_Fabricant"; Value = ""; VariantName = "[No Variations]"
Change component parameters (AddParameter): Name = "Ref_Fournisseur"; Value = ""; VariantName = "[No Variations]"
Change component parameters (AddParameter): Name = "Value"; Value = "5K"; VariantName = "[No Variations]"
Change component parameters: Designator = "R53"; Footprint = "R0603"; UniqueID = "\WEDMGGPW"
Change component parameters. Clean all parameters for all variants
Change component parameters (AddParameter): Name = "Fabricant"; Value = ""; VariantName = "[No Variations]"
Change component parameters (AddParameter): Name = "Fournisseur"; Value = ""; VariantName = "[No Variations]"
Change component parameters (AddParameter): Name = "Ref_Fabricant"; Value = ""; VariantName = "[No Variations]"
Change component parameters (AddParameter): Name = "Ref_Fournisseur"; Value = ""; VariantName = "[No Variations]"
Change component parameters (AddParameter): Name = "Value"; Value = "1K"; VariantName = "[No Variations]"
Change component parameters: Designator = "R54"; Footprint = "R0603"; UniqueID = "\SICPEJAI"
Change component parameters. Clean all parameters for all variants
Change component parameters (AddParameter): Name = "Fabricant"; Value = ""; VariantName = "[No Variations]"
Change component parameters (AddParameter): Name = "Fournisseur"; Value = ""; VariantName = "[No Variations]"
Change component parameters (AddParameter): Name = "Ref_Fabricant"; Value = ""; VariantName = "[No Variations]"
Change component parameters (AddParameter): Name = "Ref_Fournisseur"; Value = ""; VariantName = "[No Variations]"
Change component parameters (AddParameter): Name = "Value"; Value = "1K"; VariantName = "[No Variations]"
Change component parameters: Designator = "C1"; Footprint = "C0603"; UniqueID = "\HSCWTCLW"
Change component parameters. Clean all parameters for all variants
Change component parameters (AddParameter): Name = "Fabricant"; Value = ""; VariantName = "[No Variations]"
Change component parameters (AddParameter): Name = "Fournisseur"; Value = ""; VariantName = "[No Variations]"
Change component parameters (AddParameter): Name = "Ref_Fabricant"; Value = ""; VariantName = "[No Variations]"
Change component parameters (AddParameter): Name = "Réf_Fournisseur"; Value = ""; VariantName = "[No Variations]"
Change component parameters (AddParameter): Name = "Value"; Value = "100nF"; VariantName = "[No Variations]"
Change component parameters: Designator = "C2"; Footprint = "C1206"; UniqueID = "\IXBVKJXA"
Change component parameters. Clean all parameters for all variants
Change component parameters (AddParameter): Name = "Fabricant"; Value = ""; VariantName = "[No Variations]"
Change component parameters (AddParameter): Name = "Fournisseur"; Value = ""; VariantName = "[No Variations]"
Change component parameters (AddParameter): Name = "Ref_Fabricant"; Value = ""; VariantName = "[No Variations]"
Change component parameters (AddParameter): Name = "Réf_Fournisseur"; Value = ""; VariantName = "[No Variations]"
Change component parameters (AddParameter): Name = "Value"; Value = "10uF-50V"; VariantName = "[No Variations]"
Change component parameters: Designator = "C3"; Footprint = "C0603"; UniqueID = "\QTNJFTRT"
Change component parameters. Clean all parameters for all variants
Change component parameters (AddParameter): Name = "Fabricant"; Value = ""; VariantName = "[No Variations]"
Change component parameters (AddParameter): Name = "Fournisseur"; Value = ""; VariantName = "[No Variations]"
Change component parameters (AddParameter): Name = "Ref_Fabricant"; Value = ""; VariantName = "[No Variations]"
Change component parameters (AddParameter): Name = "Réf_Fournisseur"; Value = ""; VariantName = "[No Variations]"
Change component parameters (AddParameter): Name = "Value"; Value = "10nF"; VariantName = "[No Variations]"
Change component parameters: Designator = "C4"; Footprint = "C0603"; UniqueID = "\QSGXPBTL"
Change component parameters. Clean all parameters for all variants
Change component parameters (AddParameter): Name = "Fabricant"; Value = ""; VariantName = "[No Variations]"
Change component parameters (AddParameter): Name = "Fournisseur"; Value = ""; VariantName = "[No Variations]"
Change component parameters (AddParameter): Name = "Ref_Fabricant"; Value = ""; VariantName = "[No Variations]"
Change component parameters (AddParameter): Name = "Réf_Fournisseur"; Value = ""; VariantName = "[No Variations]"
Change component parameters (AddParameter): Name = "Value"; Value = "100nF"; VariantName = "[No Variations]"
Change component parameters: Designator = "C5"; Footprint = "C1206"; UniqueID = "\BHGYLGXI"
Change component parameters. Clean all parameters for all variants
Change component parameters (AddParameter): Name = "Fabricant"; Value = ""; VariantName = "[No Variations]"
Change component parameters (AddParameter): Name = "Fournisseur"; Value = ""; VariantName = "[No Variations]"
Change component parameters (AddParameter): Name = "Ref_Fabricant"; Value = ""; VariantName = "[No Variations]"
Change component parameters (AddParameter): Name = "Réf_Fournisseur"; Value = ""; VariantName = "[No Variations]"
Change component parameters (AddParameter): Name = "Value"; Value = "10uF-50V"; VariantName = "[No Variations]"
Change component parameters: Designator = "C6"; Footprint = "C1206"; UniqueID = "\GBDVGEGD"
Change component parameters. Clean all parameters for all variants
Change component parameters (AddParameter): Name = "Fabricant"; Value = ""; VariantName = "[No Variations]"
Change component parameters (AddParameter): Name = "Fournisseur"; Value = ""; VariantName = "[No Variations]"
Change component parameters (AddParameter): Name = "Ref_Fabricant"; Value = ""; VariantName = "[No Variations]"
Change component parameters (AddParameter): Name = "Réf_Fournisseur"; Value = ""; VariantName = "[No Variations]"
Change component parameters (AddParameter): Name = "Value"; Value = "10uF-50V"; VariantName = "[No Variations]"
Change component parameters: Designator = "C7"; Footprint = "C1206"; UniqueID = "\ULECMBYV"
Change component parameters. Clean all parameters for all variants
Change component parameters (AddParameter): Name = "Fabricant"; Value = ""; VariantName = "[No Variations]"
Change component parameters (AddParameter): Name = "Fournisseur"; Value = ""; VariantName = "[No Variations]"
Change component parameters (AddParameter): Name = "Ref_Fabricant"; Value = ""; VariantName = "[No Variations]"
Change component parameters (AddParameter): Name = "Réf_Fournisseur"; Value = ""; VariantName = "[No Variations]"
Change component parameters (AddParameter): Name = "Value"; Value = "10uF-50V"; VariantName = "[No Variations]"
Change component parameters: Designator = "C8"; Footprint = "C0603"; UniqueID = "\HVAONXWW"
Change component parameters. Clean all parameters for all variants
Change component parameters (AddParameter): Name = "Fabricant"; Value = ""; VariantName = "[No Variations]"
Change component parameters (AddParameter): Name = "Fournisseur"; Value = ""; VariantName = "[No Variations]"
Change component parameters (AddParameter): Name = "Ref_Fabricant"; Value = ""; VariantName = "[No Variations]"
Change component parameters (AddParameter): Name = "Réf_Fournisseur"; Value = ""; VariantName = "[No Variations]"
Change component parameters (AddParameter): Name = "Value"; Value = "10nF"; VariantName = "[No Variations]"
Change component parameters: Designator = "C9"; Footprint = "C0603"; UniqueID = "\BFFKQTNA"
Change component parameters. Clean all parameters for all variants
Change component parameters (AddParameter): Name = "Fabricant"; Value = ""; VariantName = "[No Variations]"
Change component parameters (AddParameter): Name = "Fournisseur"; Value = ""; VariantName = "[No Variations]"
Change component parameters (AddParameter): Name = "Ref_Fabricant"; Value = ""; VariantName = "[No Variations]"
Change component parameters (AddParameter): Name = "Réf_Fournisseur"; Value = ""; VariantName = "[No Variations]"
Change component parameters (AddParameter): Name = "Value"; Value = "100nF"; VariantName = "[No Variations]"
Change component parameters: Designator = "C10"; Footprint = "C1206"; UniqueID = "\VYAHWVWH"
Change component parameters. Clean all parameters for all variants
Change component parameters (AddParameter): Name = "Fabricant"; Value = ""; VariantName = "[No Variations]"
Change component parameters (AddParameter): Name = "Fournisseur"; Value = ""; VariantName = "[No Variations]"
Change component parameters (AddParameter): Name = "Ref_Fabricant"; Value = ""; VariantName = "[No Variations]"
Change component parameters (AddParameter): Name = "Réf_Fournisseur"; Value = ""; VariantName = "[No Variations]"
Change component parameters (AddParameter): Name = "Value"; Value = "10uF-50V"; VariantName = "[No Variations]"
Change component parameters: Designator = "C11"; Footprint = "C0603"; UniqueID = "\SXQYBUON"
Change component parameters. Clean all parameters for all variants
Change component parameters (AddParameter): Name = "Fabricant"; Value = ""; VariantName = "[No Variations]"
Change component parameters (AddParameter): Name = "Fournisseur"; Value = ""; VariantName = "[No Variations]"
Change component parameters (AddParameter): Name = "Ref_Fabricant"; Value = ""; VariantName = "[No Variations]"
Change component parameters (AddParameter): Name = "Réf_Fournisseur"; Value = ""; VariantName = "[No Variations]"
Change component parameters (AddParameter): Name = "Value"; Value = "100nF"; VariantName = "[No Variations]"
Change component parameters: Designator = "C12"; Footprint = "C0603"; UniqueID = "\CAGLTKOW"
Change component parameters. Clean all parameters for all variants
Change component parameters (AddParameter): Name = "Fabricant"; Value = ""; VariantName = "[No Variations]"
Change component parameters (AddParameter): Name = "Fournisseur"; Value = ""; VariantName = "[No Variations]"
Change component parameters (AddParameter): Name = "Ref_Fabricant"; Value = ""; VariantName = "[No Variations]"
Change component parameters (AddParameter): Name = "Réf_Fournisseur"; Value = ""; VariantName = "[No Variations]"
Change component parameters (AddParameter): Name = "Value"; Value = "100nF"; VariantName = "[No Variations]"
Change component parameters: Designator = "C13"; Footprint = "C1206"; UniqueID = "\KJHKGEDB"
Change component parameters. Clean all parameters for all variants
Change component parameters (AddParameter): Name = "Fabricant"; Value = ""; VariantName = "[No Variations]"
Change component parameters (AddParameter): Name = "Fournisseur"; Value = ""; VariantName = "[No Variations]"
Change component parameters (AddParameter): Name = "Ref_Fabricant"; Value = ""; VariantName = "[No Variations]"
Change component parameters (AddParameter): Name = "Réf_Fournisseur"; Value = ""; VariantName = "[No Variations]"
Change component parameters (AddParameter): Name = "Value"; Value = "10uF-50V"; VariantName = "[No Variations]"
Change component parameters: Designator = "C14"; Footprint = "C0603"; UniqueID = "\LOIDKKCQ"
Change component parameters. Clean all parameters for all variants
Change component parameters (AddParameter): Name = "Fabricant"; Value = ""; VariantName = "[No Variations]"
Change component parameters (AddParameter): Name = "Fournisseur"; Value = ""; VariantName = "[No Variations]"
Change component parameters (AddParameter): Name = "Ref_Fabricant"; Value = ""; VariantName = "[No Variations]"
Change component parameters (AddParameter): Name = "Réf_Fournisseur"; Value = ""; VariantName = "[No Variations]"
Change component parameters (AddParameter): Name = "Value"; Value = "100nF"; VariantName = "[No Variations]"
Change component parameters: Designator = "C15"; Footprint = "C0603"; UniqueID = "\BYVHSDEH"
Change component parameters. Clean all parameters for all variants
Change component parameters (AddParameter): Name = "Fabricant"; Value = ""; VariantName = "[No Variations]"
Change component parameters (AddParameter): Name = "Fournisseur"; Value = ""; VariantName = "[No Variations]"
Change component parameters (AddParameter): Name = "Ref_Fabricant"; Value = ""; VariantName = "[No Variations]"
Change component parameters (AddParameter): Name = "Réf_Fournisseur"; Value = ""; VariantName = "[No Variations]"
Change component parameters (AddParameter): Name = "Value"; Value = "15pF"; VariantName = "[No Variations]"
Change component parameters: Designator = "C16"; Footprint = "C0603"; UniqueID = "\LTTBCRPH"
Change component parameters. Clean all parameters for all variants
Change component parameters (AddParameter): Name = "Fabricant"; Value = ""; VariantName = "[No Variations]"
Change component parameters (AddParameter): Name = "Fournisseur"; Value = ""; VariantName = "[No Variations]"
Change component parameters (AddParameter): Name = "Ref_Fabricant"; Value = ""; VariantName = "[No Variations]"
Change component parameters (AddParameter): Name = "Réf_Fournisseur"; Value = ""; VariantName = "[No Variations]"
Change component parameters (AddParameter): Name = "Value"; Value = "15pF"; VariantName = "[No Variations]"
Change component parameters: Designator = "C17"; Footprint = "C1206"; UniqueID = "\PGILJYYQ"
Change component parameters. Clean all parameters for all variants
Change component parameters (AddParameter): Name = "Fabricant"; Value = ""; VariantName = "[No Variations]"
Change component parameters (AddParameter): Name = "Fournisseur"; Value = ""; VariantName = "[No Variations]"
Change component parameters (AddParameter): Name = "Ref_Fabricant"; Value = ""; VariantName = "[No Variations]"
Change component parameters (AddParameter): Name = "Réf_Fournisseur"; Value = ""; VariantName = "[No Variations]"
Change component parameters (AddParameter): Name = "Value"; Value = "10uF-50V"; VariantName = "[No Variations]"
Change component parameters: Designator = "C18"; Footprint = "C0603"; UniqueID = "\AWQFKOIT"
Change component parameters. Clean all parameters for all variants
Change component parameters (AddParameter): Name = "Fabricant"; Value = ""; VariantName = "[No Variations]"
Change component parameters (AddParameter): Name = "Fournisseur"; Value = ""; VariantName = "[No Variations]"
Change component parameters (AddParameter): Name = "Ref_Fabricant"; Value = ""; VariantName = "[No Variations]"
Change component parameters (AddParameter): Name = "Réf_Fournisseur"; Value = ""; VariantName = "[No Variations]"
Change component parameters (AddParameter): Name = "Value"; Value = "100nF"; VariantName = "[No Variations]"
Change component parameters: Designator = "C19"; Footprint = "C0603"; UniqueID = "\MKHENBSM"
Change component parameters. Clean all parameters for all variants
Change component parameters (AddParameter): Name = "Fabricant"; Value = ""; VariantName = "[No Variations]"
Change component parameters (AddParameter): Name = "Fournisseur"; Value = ""; VariantName = "[No Variations]"
Change component parameters (AddParameter): Name = "Ref_Fabricant"; Value = ""; VariantName = "[No Variations]"
Change component parameters (AddParameter): Name = "Réf_Fournisseur"; Value = ""; VariantName = "[No Variations]"
Change component parameters (AddParameter): Name = "Value"; Value = "100nF"; VariantName = "[No Variations]"
Change component parameters: Designator = "C20"; Footprint = "C0603"; UniqueID = "\SKKOCBIA"
Change component parameters. Clean all parameters for all variants
Change component parameters (AddParameter): Name = "Fabricant"; Value = ""; VariantName = "[No Variations]"
Change component parameters (AddParameter): Name = "Fournisseur"; Value = ""; VariantName = "[No Variations]"
Change component parameters (AddParameter): Name = "Ref_Fabricant"; Value = ""; VariantName = "[No Variations]"
Change component parameters (AddParameter): Name = "Réf_Fournisseur"; Value = ""; VariantName = "[No Variations]"
Change component parameters (AddParameter): Name = "Value"; Value = "100nF"; VariantName = "[No Variations]"
Change component parameters: Designator = "C21"; Footprint = "C0603"; UniqueID = "\HDLQIHOY"
Change component parameters. Clean all parameters for all variants
Change component parameters (AddParameter): Name = "Fabricant"; Value = ""; VariantName = "[No Variations]"
Change component parameters (AddParameter): Name = "Fournisseur"; Value = ""; VariantName = "[No Variations]"
Change component parameters (AddParameter): Name = "Ref_Fabricant"; Value = ""; VariantName = "[No Variations]"
Change component parameters (AddParameter): Name = "Réf_Fournisseur"; Value = ""; VariantName = "[No Variations]"
Change component parameters (AddParameter): Name = "Value"; Value = "100nF"; VariantName = "[No Variations]"
Change component parameters: Designator = "C22"; Footprint = "C1206"; UniqueID = "\LFSCRUCJ"
Change component parameters. Clean all parameters for all variants
Change component parameters (AddParameter): Name = "Fabricant"; Value = ""; VariantName = "[No Variations]"
Change component parameters (AddParameter): Name = "Fournisseur"; Value = ""; VariantName = "[No Variations]"
Change component parameters (AddParameter): Name = "Ref_Fabricant"; Value = ""; VariantName = "[No Variations]"
Change component parameters (AddParameter): Name = "Réf_Fournisseur"; Value = ""; VariantName = "[No Variations]"
Change component parameters (AddParameter): Name = "Value"; Value = "10uF-50V"; VariantName = "[No Variations]"
Change component parameters: Designator = "C23"; Footprint = "C1206"; UniqueID = "\MGDMESSM"
Change component parameters. Clean all parameters for all variants
Change component parameters (AddParameter): Name = "Fabricant"; Value = ""; VariantName = "[No Variations]"
Change component parameters (AddParameter): Name = "Fournisseur"; Value = ""; VariantName = "[No Variations]"
Change component parameters (AddParameter): Name = "Ref_Fabricant"; Value = ""; VariantName = "[No Variations]"
Change component parameters (AddParameter): Name = "Réf_Fournisseur"; Value = ""; VariantName = "[No Variations]"
Change component parameters (AddParameter): Name = "Value"; Value = "10uF-50V"; VariantName = "[No Variations]"
Change component parameters (AddParameter): Name = "Fabricant"; Value = ""; VariantName = "Decoupe"
Change component parameters (AddParameter): Name = "Fournisseur"; Value = ""; VariantName = "Decoupe"
Change component parameters (AddParameter): Name = "Ref_Fabricant"; Value = ""; VariantName = "Decoupe"
Change component parameters (AddParameter): Name = "Réf_Fournisseur"; Value = ""; VariantName = "Decoupe"
Change component parameters (AddParameter): Name = "Value"; Value = "10uF-50V"; VariantName = "Decoupe"
Change component parameters: Designator = "C24"; Footprint = "C0603"; UniqueID = "\YWGXEMBM"
Change component parameters. Clean all parameters for all variants
Change component parameters (AddParameter): Name = "Fabricant"; Value = ""; VariantName = "[No Variations]"
Change component parameters (AddParameter): Name = "Fournisseur"; Value = ""; VariantName = "[No Variations]"
Change component parameters (AddParameter): Name = "Ref_Fabricant"; Value = ""; VariantName = "[No Variations]"
Change component parameters (AddParameter): Name = "Réf_Fournisseur"; Value = ""; VariantName = "[No Variations]"
Change component parameters (AddParameter): Name = "Value"; Value = "100nF"; VariantName = "[No Variations]"
Change component parameters: Designator = "C25"; Footprint = "C0603"; UniqueID = "\KESCVUYJ"
Change component parameters. Clean all parameters for all variants
Change component parameters (AddParameter): Name = "Fabricant"; Value = ""; VariantName = "[No Variations]"
Change component parameters (AddParameter): Name = "Fournisseur"; Value = ""; VariantName = "[No Variations]"
Change component parameters (AddParameter): Name = "Ref_Fabricant"; Value = ""; VariantName = "[No Variations]"
Change component parameters (AddParameter): Name = "Réf_Fournisseur"; Value = ""; VariantName = "[No Variations]"
Change component parameters (AddParameter): Name = "Value"; Value = "100nF"; VariantName = "[No Variations]"
Change component parameters (AddParameter): Name = "Fabricant"; Value = ""; VariantName = "Decoupe"
Change component parameters (AddParameter): Name = "Fournisseur"; Value = ""; VariantName = "Decoupe"
Change component parameters (AddParameter): Name = "Ref_Fabricant"; Value = ""; VariantName = "Decoupe"
Change component parameters (AddParameter): Name = "Réf_Fournisseur"; Value = ""; VariantName = "Decoupe"
Change component parameters (AddParameter): Name = "Value"; Value = "100nF"; VariantName = "Decoupe"
Change component parameters: Designator = "C26"; Footprint = "C1206"; UniqueID = "\ERKMVPTR"
Change component parameters. Clean all parameters for all variants
Change component parameters (AddParameter): Name = "Fabricant"; Value = ""; VariantName = "[No Variations]"
Change component parameters (AddParameter): Name = "Fournisseur"; Value = ""; VariantName = "[No Variations]"
Change component parameters (AddParameter): Name = "Ref_Fabricant"; Value = ""; VariantName = "[No Variations]"
Change component parameters (AddParameter): Name = "Réf_Fournisseur"; Value = ""; VariantName = "[No Variations]"
Change component parameters (AddParameter): Name = "Value"; Value = "10uF-50V"; VariantName = "[No Variations]"
Change component parameters (AddParameter): Name = "Fabricant"; Value = ""; VariantName = "Decoupe"
Change component parameters (AddParameter): Name = "Fournisseur"; Value = ""; VariantName = "Decoupe"
Change component parameters (AddParameter): Name = "Ref_Fabricant"; Value = ""; VariantName = "Decoupe"
Change component parameters (AddParameter): Name = "Réf_Fournisseur"; Value = ""; VariantName = "Decoupe"
Change component parameters (AddParameter): Name = "Value"; Value = "10uF-50V"; VariantName = "Decoupe"
Change component parameters: Designator = "C27"; Footprint = "C1206"; UniqueID = "\FAWWUFFH"
Change component parameters. Clean all parameters for all variants
Change component parameters (AddParameter): Name = "Fabricant"; Value = ""; VariantName = "[No Variations]"
Change component parameters (AddParameter): Name = "Fournisseur"; Value = ""; VariantName = "[No Variations]"
Change component parameters (AddParameter): Name = "Ref_Fabricant"; Value = ""; VariantName = "[No Variations]"
Change component parameters (AddParameter): Name = "Réf_Fournisseur"; Value = ""; VariantName = "[No Variations]"
Change component parameters (AddParameter): Name = "Value"; Value = "10uF-50V"; VariantName = "[No Variations]"
Change component parameters (AddParameter): Name = "Fabricant"; Value = ""; VariantName = "Decoupe"
Change component parameters (AddParameter): Name = "Fournisseur"; Value = ""; VariantName = "Decoupe"
Change component parameters (AddParameter): Name = "Ref_Fabricant"; Value = ""; VariantName = "Decoupe"
Change component parameters (AddParameter): Name = "Réf_Fournisseur"; Value = ""; VariantName = "Decoupe"
Change component parameters (AddParameter): Name = "Value"; Value = "10uF-50V"; VariantName = "Decoupe"
Change component parameters: Designator = "C28"; Footprint = "C0603"; UniqueID = "\KFEUEREW"
Change component parameters. Clean all parameters for all variants
Change component parameters (AddParameter): Name = "Fabricant"; Value = ""; VariantName = "[No Variations]"
Change component parameters (AddParameter): Name = "Fournisseur"; Value = ""; VariantName = "[No Variations]"
Change component parameters (AddParameter): Name = "Ref_Fabricant"; Value = ""; VariantName = "[No Variations]"
Change component parameters (AddParameter): Name = "Réf_Fournisseur"; Value = ""; VariantName = "[No Variations]"
Change component parameters (AddParameter): Name = "Value"; Value = "100nF"; VariantName = "[No Variations]"
Change component parameters (AddParameter): Name = "Fabricant"; Value = ""; VariantName = "Decoupe"
Change component parameters (AddParameter): Name = "Fournisseur"; Value = ""; VariantName = "Decoupe"
Change component parameters (AddParameter): Name = "Ref_Fabricant"; Value = ""; VariantName = "Decoupe"
Change component parameters (AddParameter): Name = "Réf_Fournisseur"; Value = ""; VariantName = "Decoupe"
Change component parameters (AddParameter): Name = "Value"; Value = "100nF"; VariantName = "Decoupe"
Change component parameters: Designator = "C29"; Footprint = "C0603"; UniqueID = "\MOQJBIAI"
Change component parameters. Clean all parameters for all variants
Change component parameters (AddParameter): Name = "Fabricant"; Value = ""; VariantName = "[No Variations]"
Change component parameters (AddParameter): Name = "Fournisseur"; Value = ""; VariantName = "[No Variations]"
Change component parameters (AddParameter): Name = "Ref_Fabricant"; Value = ""; VariantName = "[No Variations]"
Change component parameters (AddParameter): Name = "Réf_Fournisseur"; Value = ""; VariantName = "[No Variations]"
Change component parameters (AddParameter): Name = "Value"; Value = "100nF"; VariantName = "[No Variations]"
Change component parameters (AddParameter): Name = "Fabricant"; Value = ""; VariantName = "Decoupe"
Change component parameters (AddParameter): Name = "Fournisseur"; Value = ""; VariantName = "Decoupe"
Change component parameters (AddParameter): Name = "Ref_Fabricant"; Value = ""; VariantName = "Decoupe"
Change component parameters (AddParameter): Name = "Réf_Fournisseur"; Value = ""; VariantName = "Decoupe"
Change component parameters (AddParameter): Name = "Value"; Value = "100nF"; VariantName = "Decoupe"
Change component parameters: Designator = "C30"; Footprint = "C0603"; UniqueID = "\LXUWNCLV"
Change component parameters. Clean all parameters for all variants
Change component parameters (AddParameter): Name = "Fabricant"; Value = ""; VariantName = "[No Variations]"
Change component parameters (AddParameter): Name = "Fournisseur"; Value = ""; VariantName = "[No Variations]"
Change component parameters (AddParameter): Name = "Ref_Fabricant"; Value = ""; VariantName = "[No Variations]"
Change component parameters (AddParameter): Name = "Réf_Fournisseur"; Value = ""; VariantName = "[No Variations]"
Change component parameters (AddParameter): Name = "Value"; Value = "100nF"; VariantName = "[No Variations]"
Change component parameters: Designator = "C31"; Footprint = "C0603"; UniqueID = "\RVBWTMSO"
Change component parameters. Clean all parameters for all variants
Change component parameters (AddParameter): Name = "Fabricant"; Value = ""; VariantName = "[No Variations]"
Change component parameters (AddParameter): Name = "Fournisseur"; Value = ""; VariantName = "[No Variations]"
Change component parameters (AddParameter): Name = "Ref_Fabricant"; Value = ""; VariantName = "[No Variations]"
Change component parameters (AddParameter): Name = "Réf_Fournisseur"; Value = ""; VariantName = "[No Variations]"
Change component parameters (AddParameter): Name = "Value"; Value = "100nF"; VariantName = "[No Variations]"
Change component parameters: Designator = "C32"; Footprint = "C0603"; UniqueID = "\QRMXNTRG"
Change component parameters. Clean all parameters for all variants
Change component parameters (AddParameter): Name = "Fabricant"; Value = ""; VariantName = "[No Variations]"
Change component parameters (AddParameter): Name = "Fournisseur"; Value = ""; VariantName = "[No Variations]"
Change component parameters (AddParameter): Name = "Ref_Fabricant"; Value = ""; VariantName = "[No Variations]"
Change component parameters (AddParameter): Name = "Réf_Fournisseur"; Value = ""; VariantName = "[No Variations]"
Change component parameters (AddParameter): Name = "Value"; Value = "100nF"; VariantName = "[No Variations]"
Change component parameters: Designator = "C33"; Footprint = "C0603"; UniqueID = "\HYHRHLFB"
Change component parameters. Clean all parameters for all variants
Change component parameters (AddParameter): Name = "Fabricant"; Value = ""; VariantName = "[No Variations]"
Change component parameters (AddParameter): Name = "Fournisseur"; Value = ""; VariantName = "[No Variations]"
Change component parameters (AddParameter): Name = "Ref_Fabricant"; Value = ""; VariantName = "[No Variations]"
Change component parameters (AddParameter): Name = "Réf_Fournisseur"; Value = ""; VariantName = "[No Variations]"
Change component parameters (AddParameter): Name = "Value"; Value = "100nF"; VariantName = "[No Variations]"
Change component parameters: Designator = "C34"; Footprint = "C1206"; UniqueID = "\FGSVSTAB"
Change component parameters. Clean all parameters for all variants
Change component parameters (AddParameter): Name = "Fabricant"; Value = ""; VariantName = "[No Variations]"
Change component parameters (AddParameter): Name = "Fournisseur"; Value = ""; VariantName = "[No Variations]"
Change component parameters (AddParameter): Name = "Ref_Fabricant"; Value = ""; VariantName = "[No Variations]"
Change component parameters (AddParameter): Name = "Réf_Fournisseur"; Value = ""; VariantName = "[No Variations]"
Change component parameters (AddParameter): Name = "Value"; Value = "10uF-50V"; VariantName = "[No Variations]"
Change component parameters: Designator = "C35"; Footprint = "C1206"; UniqueID = "\WGEMDMNP"
Change component parameters. Clean all parameters for all variants
Change component parameters (AddParameter): Name = "Fabricant"; Value = ""; VariantName = "[No Variations]"
Change component parameters (AddParameter): Name = "Fournisseur"; Value = ""; VariantName = "[No Variations]"
Change component parameters (AddParameter): Name = "Ref_Fabricant"; Value = ""; VariantName = "[No Variations]"
Change component parameters (AddParameter): Name = "Réf_Fournisseur"; Value = ""; VariantName = "[No Variations]"
Change component parameters (AddParameter): Name = "Value"; Value = "10uF-50V"; VariantName = "[No Variations]"
Change component parameters: Designator = "C36"; Footprint = "C0603"; UniqueID = "\ABIAHYMY"
Change component parameters. Clean all parameters for all variants
Change component parameters (AddParameter): Name = "Fabricant"; Value = ""; VariantName = "[No Variations]"
Change component parameters (AddParameter): Name = "Fournisseur"; Value = ""; VariantName = "[No Variations]"
Change component parameters (AddParameter): Name = "Ref_Fabricant"; Value = ""; VariantName = "[No Variations]"
Change component parameters (AddParameter): Name = "Réf_Fournisseur"; Value = ""; VariantName = "[No Variations]"
Change component parameters (AddParameter): Name = "Value"; Value = "100nF"; VariantName = "[No Variations]"
Change component parameters: Designator = "C37"; Footprint = "C0603"; UniqueID = "\OGBTGQND"
Change component parameters. Clean all parameters for all variants
Change component parameters (AddParameter): Name = "Fabricant"; Value = ""; VariantName = "[No Variations]"
Change component parameters (AddParameter): Name = "Fournisseur"; Value = ""; VariantName = "[No Variations]"
Change component parameters (AddParameter): Name = "Ref_Fabricant"; Value = ""; VariantName = "[No Variations]"
Change component parameters (AddParameter): Name = "Réf_Fournisseur"; Value = ""; VariantName = "[No Variations]"
Change component parameters (AddParameter): Name = "Value"; Value = "100nF"; VariantName = "[No Variations]"
Change component parameters: Designator = "C38"; Footprint = "C0603"; UniqueID = "\WGKPOCDR"
Change component parameters. Clean all parameters for all variants
Change component parameters (AddParameter): Name = "Fabricant"; Value = ""; VariantName = "[No Variations]"
Change component parameters (AddParameter): Name = "Fournisseur"; Value = ""; VariantName = "[No Variations]"
Change component parameters (AddParameter): Name = "Ref_Fabricant"; Value = ""; VariantName = "[No Variations]"
Change component parameters (AddParameter): Name = "Réf_Fournisseur"; Value = ""; VariantName = "[No Variations]"
Change component parameters (AddParameter): Name = "Value"; Value = "100nF"; VariantName = "[No Variations]"
Change component parameters: Designator = "C39"; Footprint = "C0603"; UniqueID = "\LPWYWKQU"
Change component parameters. Clean all parameters for all variants
Change component parameters (AddParameter): Name = "Fabricant"; Value = ""; VariantName = "[No Variations]"
Change component parameters (AddParameter): Name = "Fournisseur"; Value = ""; VariantName = "[No Variations]"
Change component parameters (AddParameter): Name = "Ref_Fabricant"; Value = ""; VariantName = "[No Variations]"
Change component parameters (AddParameter): Name = "Réf_Fournisseur"; Value = ""; VariantName = "[No Variations]"
Change component parameters (AddParameter): Name = "Value"; Value = "100nF"; VariantName = "[No Variations]"
Change component parameters: Designator = "C40"; Footprint = "C0603"; UniqueID = "\NWLKDXLW"
Change component parameters. Clean all parameters for all variants
Change component parameters (AddParameter): Name = "Fabricant"; Value = ""; VariantName = "[No Variations]"
Change component parameters (AddParameter): Name = "Fournisseur"; Value = ""; VariantName = "[No Variations]"
Change component parameters (AddParameter): Name = "Ref_Fabricant"; Value = ""; VariantName = "[No Variations]"
Change component parameters (AddParameter): Name = "Réf_Fournisseur"; Value = ""; VariantName = "[No Variations]"
Change component parameters (AddParameter): Name = "Value"; Value = "100nF"; VariantName = "[No Variations]"
Change component parameters: Designator = "C41"; Footprint = "C0603"; UniqueID = "\IBWNNGLV"
Change component parameters. Clean all parameters for all variants
Change component parameters (AddParameter): Name = "Fabricant"; Value = ""; VariantName = "[No Variations]"
Change component parameters (AddParameter): Name = "Fournisseur"; Value = ""; VariantName = "[No Variations]"
Change component parameters (AddParameter): Name = "Ref_Fabricant"; Value = ""; VariantName = "[No Variations]"
Change component parameters (AddParameter): Name = "Réf_Fournisseur"; Value = ""; VariantName = "[No Variations]"
Change component parameters (AddParameter): Name = "Value"; Value = "100nF"; VariantName = "[No Variations]"
Change component parameters: Designator = "C42"; Footprint = "C0603"; UniqueID = "\CMTWYTAB"
Change component parameters. Clean all parameters for all variants
Change component parameters (AddParameter): Name = "Fabricant"; Value = ""; VariantName = "[No Variations]"
Change component parameters (AddParameter): Name = "Fournisseur"; Value = ""; VariantName = "[No Variations]"
Change component parameters (AddParameter): Name = "Ref_Fabricant"; Value = ""; VariantName = "[No Variations]"
Change component parameters (AddParameter): Name = "Réf_Fournisseur"; Value = ""; VariantName = "[No Variations]"
Change component parameters (AddParameter): Name = "Value"; Value = "100nF"; VariantName = "[No Variations]"
Change component parameters: Designator = "C43"; Footprint = "C0603"; UniqueID = "\MQIYERGC"
Change component parameters. Clean all parameters for all variants
Change component parameters (AddParameter): Name = "Fabricant"; Value = ""; VariantName = "[No Variations]"
Change component parameters (AddParameter): Name = "Fournisseur"; Value = ""; VariantName = "[No Variations]"
Change component parameters (AddParameter): Name = "Ref_Fabricant"; Value = ""; VariantName = "[No Variations]"
Change component parameters (AddParameter): Name = "Réf_Fournisseur"; Value = ""; VariantName = "[No Variations]"
Change component parameters (AddParameter): Name = "Value"; Value = "100nF"; VariantName = "[No Variations]"
Change component parameters: Designator = "D1"; Footprint = "DO-214AC"; UniqueID = "\WCQNQIRX"
Change component parameters. Clean all parameters for all variants
Change component parameters (AddParameter): Name = "Fabricant"; Value = ""; VariantName = "[No Variations]"
Change component parameters (AddParameter): Name = "Fournisseur"; Value = ""; VariantName = "[No Variations]"
Change component parameters (AddParameter): Name = "Prix"; Value = ""; VariantName = "[No Variations]"
Change component parameters (AddParameter): Name = "Ref_Fabricant"; Value = "MURA110T3"; VariantName = "[No Variations]"
Change component parameters (AddParameter): Name = "Ref_Fournisseur"; Value = ""; VariantName = "[No Variations]"
Change component parameters (AddParameter): Name = "Value"; Value = ""; VariantName = "[No Variations]"
Change component parameters: Designator = "D8"; Footprint = "SOD123"; UniqueID = "\NWAUMRDQ"
Change component parameters. Clean all parameters for all variants
Change component parameters (AddParameter): Name = "Fabricant"; Value = ""; VariantName = "[No Variations]"
Change component parameters (AddParameter): Name = "Fournisseur"; Value = ""; VariantName = "[No Variations]"
Change component parameters (AddParameter): Name = "Prix"; Value = ""; VariantName = "[No Variations]"
Change component parameters (AddParameter): Name = "Ref_Fabricant"; Value = ""; VariantName = "[No Variations]"
Change component parameters (AddParameter): Name = "Ref_Fournisseur"; Value = ""; VariantName = "[No Variations]"
Change component parameters (AddParameter): Name = "Value"; Value = "3,6v"; VariantName = "[No Variations]"
Change component parameters: Designator = "D11"; Footprint = "SOD123"; UniqueID = "\VMNMNOKG"
Change component parameters. Clean all parameters for all variants
Change component parameters (AddParameter): Name = "Fabricant"; Value = ""; VariantName = "[No Variations]"
Change component parameters (AddParameter): Name = "Fournisseur"; Value = ""; VariantName = "[No Variations]"
Change component parameters (AddParameter): Name = "Prix"; Value = ""; VariantName = "[No Variations]"
Change component parameters (AddParameter): Name = "Ref_Fabricant"; Value = ""; VariantName = "[No Variations]"
Change component parameters (AddParameter): Name = "Ref_Fournisseur"; Value = ""; VariantName = "[No Variations]"
Change component parameters (AddParameter): Name = "Value"; Value = "3,6v"; VariantName = "[No Variations]"
Change component parameters: Designator = "D12"; Footprint = "SOD123"; UniqueID = "\TSPBUBWT"
Change component parameters. Clean all parameters for all variants
Change component parameters (AddParameter): Name = "Fabricant"; Value = ""; VariantName = "[No Variations]"
Change component parameters (AddParameter): Name = "Fournisseur"; Value = ""; VariantName = "[No Variations]"
Change component parameters (AddParameter): Name = "Prix"; Value = ""; VariantName = "[No Variations]"
Change component parameters (AddParameter): Name = "Ref_Fabricant"; Value = ""; VariantName = "[No Variations]"
Change component parameters (AddParameter): Name = "Ref_Fournisseur"; Value = ""; VariantName = "[No Variations]"
Change component parameters (AddParameter): Name = "Value"; Value = "3,6v"; VariantName = "[No Variations]"
Change component parameters: Designator = "D13"; Footprint = "SOD123"; UniqueID = "\NJUXVVQN"
Change component parameters. Clean all parameters for all variants
Change component parameters (AddParameter): Name = "Fabricant"; Value = ""; VariantName = "[No Variations]"
Change component parameters (AddParameter): Name = "Fournisseur"; Value = ""; VariantName = "[No Variations]"
Change component parameters (AddParameter): Name = "Prix"; Value = ""; VariantName = "[No Variations]"
Change component parameters (AddParameter): Name = "Ref_Fabricant"; Value = ""; VariantName = "[No Variations]"
Change component parameters (AddParameter): Name = "Ref_Fournisseur"; Value = ""; VariantName = "[No Variations]"
Change component parameters (AddParameter): Name = "Value"; Value = "3,6v"; VariantName = "[No Variations]"
Change component parameters: Designator = "U1"; Footprint = "MUA08A_M"; UniqueID = "\SOGAPWFT"
Change component parameters. Clean all parameters for all variants
Change component parameters (AddParameter): Name = "Code_JEDEC"; Value = "MO-187-AA"; VariantName = "[No Variations]"
Change component parameters (AddParameter): Name = "ComponentLink1Description"; Value = "LM5008 Datasheet"; VariantName = "[No Variations]"
Change component parameters (AddParameter): Name = "ComponentLink1URL"; Value = "http://www.national.com/ds/LM/LM5008.pdf"; VariantName = "[No Variations]"
Change component parameters (AddParameter): Name = "ComponentLink2Description"; Value = "LM5008 Web Page"; VariantName = "[No Variations]"
Change component parameters (AddParameter): Name = "ComponentLink2URL"; Value = "http://www.national.com/pf/LM/LM5008.html"; VariantName = "[No Variations]"
Change component parameters (AddParameter): Name = "ComponentLink3Description"; Value = "MUA08A Package Page"; VariantName = "[No Variations]"
Change component parameters (AddParameter): Name = "ComponentLink3URL"; Value = "http://www.national.com/packaging/folders/mua08a.html"; VariantName = "[No Variations]"
Change component parameters (AddParameter): Name = "CompType"; Value = "Switcher"; VariantName = "[No Variations]"
Change component parameters (AddParameter): Name = "DatasheetVersion"; Value = "Apr-2009"; VariantName = "[No Variations]"
Change component parameters (AddParameter): Name = "Manufacturer"; Value = "National Semiconductor"; VariantName = "[No Variations]"
Change component parameters (AddParameter): Name = "PackageDescription"; Value = "MINI SOIC, .118 x .118 x .034in, 8 Lead, .0256in Pitch"; VariantName = "[No Variations]"
Change component parameters (AddParameter): Name = "PackageReference"; Value = "MUA08A"; VariantName = "[No Variations]"
Change component parameters (AddParameter): Name = "PackageTopMarking"; Value = "ZXTT*SAYB"; VariantName = "[No Variations]"
Change component parameters (AddParameter): Name = "PackageVersion"; Value = "revF, Apr-2008"; VariantName = "[No Variations]"
Change component parameters (AddParameter): Name = "PartNumber"; Value = "LM5008MM"; VariantName = "[No Variations]"
Change component parameters (AddParameter): Name = "PinCount"; Value = "8"; VariantName = "[No Variations]"
Change component parameters (AddParameter): Name = "PowerWise"; Value = "N"; VariantName = "[No Variations]"
Change component parameters (AddParameter): Name = "RevisionNote"; Value = "Component URLs added"; VariantName = "[No Variations]"
Change component parameters (AddParameter): Name = "RoHS"; Value = "N"; VariantName = "[No Variations]"
Change component parameters: Designator = "U2"; Footprint = "TQFP-48"; UniqueID = "\NDNQBORP"
Change component parameters. Clean all parameters for all variants
Change component parameters (AddParameter): Name = "A/D Converter"; Value = "2x12-bit (10 Channel)"; VariantName = "[No Variations]"
Change component parameters (AddParameter): Name = "ComponentLink1Description"; Value = "Manufacturer URL"; VariantName = "[No Variations]"
Change component parameters (AddParameter): Name = "ComponentLink1URL"; Value = "http://www.st.com/web/en/home.html"; VariantName = "[No Variations]"
Change component parameters (AddParameter): Name = "ComponentLink2Description"; Value = "Datasheet"; VariantName = "[No Variations]"
Change component parameters (AddParameter): Name = "ComponentLink2URL"; Value = "http://www.st.com/st-web-ui/static/active/en/resource/technical/document/datasheet/CD00161566.pdf"; VariantName = "[No Variations]"
Change component parameters (AddParameter): Name = "ComponentLink3Description"; Value = "Package Specification"; VariantName = "[No Variations]"
Change component parameters (AddParameter): Name = "ComponentLink3URL"; Value = "http://www.st.com/st-web-ui/static/active/en/resource/technical/document/datasheet/DM00058181.pdf"; VariantName = "[No Variations]"
Change component parameters (AddParameter): Name = "Core"; Value = "ARM Cortex-M3"; VariantName = "[No Variations]"
Change component parameters (AddParameter): Name = "DatasheetVersion"; Value = "Rev. 16"; VariantName = "[No Variations]"
Change component parameters (AddParameter): Name = "FLASH Size (Prog) (kB)"; Value = "64"; VariantName = "[No Variations]"
Change component parameters (AddParameter): Name = "I/Os (High Current)"; Value = "37"; VariantName = "[No Variations]"
Change component parameters (AddParameter): Name = "Internal RAM Size (kB)"; Value = "20"; VariantName = "[No Variations]"
Change component parameters (AddParameter): Name = "Mounting Technology"; Value = "Surface Mount"; VariantName = "[No Variations]"
Change component parameters (AddParameter): Name = "Operating Frequency(F) (Processor speed) (MHz)"; Value = "72"; VariantName = "[No Variations]"
Change component parameters (AddParameter): Name = "PackageDescription"; Value = "48-Pin Low Profile Quad Flat Package, 7 x 7 mm Body, 0.5 mm Pitch"; VariantName = "[No Variations]"
Change component parameters (AddParameter): Name = "PackageReference"; Value = "LQFP48"; VariantName = "[No Variations]"
Change component parameters (AddParameter): Name = "PackageVersion"; Value = "Rev. 6, 06/2013"; VariantName = "[No Variations]"
Change component parameters (AddParameter): Name = "Packing"; Value = "Tray"; VariantName = "[No Variations]"
Change component parameters (AddParameter): Name = "PartNumber"; Value = "STM32F103C8T6"; VariantName = "[No Variations]"
Change component parameters (AddParameter): Name = "Supply Voltage(Vcc) min (V)"; Value = "2"; VariantName = "[No Variations]"
Added Component: Designator=L1(SELF270)
Add component. Clean all parameters for all variants
Added Pin To Net: NetName=NetC3_1 Pin=L1-1
Added Pin To Net: NetName=+12V Pin=L1-2
Added Member To Class: ClassName=Power_Supply Member=Component D1 MURA110T3
Added Member To Class: ClassName=Power_Supply Member=Component L1 SELF270
Added Room: Name=IHM
Added Room: Name=MCU
Added Room: Name=Mechanical
Added Room: Name=Outputs
Added Room: Name=Power_Supply
