Removed Pin From Net: NetName=PWM1 Pin=U13-1
Removed Pin From Net: NetName=PWM1 Pin=U13-2
Removed Pin From Net: NetName=P1 Pin=U13-3
Removed Pin From Net: NetName=P2 Pin=U13-4
Removed Pin From Net: NetName=PWM2 Pin=U13-5
Removed Pin From Net: NetName=PWM2 Pin=U13-6
Removed Pin From Net: NetName=GND Pin=U13-7
Removed Pin From Net: NetName=+12V Pin=U13-14
Removed Pin From Net: NetName=P3 Pin=U14-4
Removed Pin From Net: NetName=PWM3 Pin=U14-5
Removed Pin From Net: NetName=PWM3 Pin=U14-6
Removed Pin From Net: NetName=P4 Pin=U15-4
Removed Pin From Net: NetName=PWM4 Pin=U15-5
Removed Pin From Net: NetName=PWM4 Pin=U15-6
Removed Member From Class: ClassName=Outputs Member=U14
Removed Member From Class: ClassName=Outputs Member=U15
Change Component Designator: OldDesignator=U15 NewDesignator=U13
Added Pin To Net: NetName=PWM1 Pin=U13-1
Added Pin To Net: NetName=PWM1 Pin=U13-2
Added Pin To Net: NetName=P1 Pin=U13-3
Added Pin To Net: NetName=P2 Pin=U13-4
Added Pin To Net: NetName=PWM2 Pin=U13-5
Added Pin To Net: NetName=PWM2 Pin=U13-6
Added Pin To Net: NetName=GND Pin=U13-7
Added Pin To Net: NetName=PWM3 Pin=U13-8
Added Pin To Net: NetName=PWM3 Pin=U13-9
Added Pin To Net: NetName=P3 Pin=U13-10
Added Pin To Net: NetName=P4 Pin=U13-11
Added Pin To Net: NetName=PWM4 Pin=U13-12
Added Pin To Net: NetName=PWM4 Pin=U13-13
Added Pin To Net: NetName=+12V Pin=U13-14
