Added Component: Designator=C1(C0603)
Added Component: Designator=C2(C1206)
Added Component: Designator=C3(C0603)
Added Component: Designator=C4(C0603)
Added Component: Designator=C5(C1206)
Added Component: Designator=C6(C1206)
Added Component: Designator=C7(C1206)
Added Component: Designator=C8(C0603)
Added Component: Designator=C9(C0603)
Added Component: Designator=C10(C1206)
Added Component: Designator=C11(C0603)
Added Component: Designator=C12(C0603)
Added Component: Designator=C13(C1206)
Added Component: Designator=C14(C0603)
Added Component: Designator=C15(C0603)
Added Component: Designator=C16(C0603)
Added Component: Designator=C17(C1206)
Added Component: Designator=C18(C0603)
Added Component: Designator=C19(C0603)
Added Component: Designator=C20(C0603)
Added Component: Designator=C21(C0603)
Added Component: Designator=C22(C1206)
Added Component: Designator=C23(C1206)
Added Component: Designator=C24(C0603)
Added Component: Designator=C25(C0603)
Added Component: Designator=C26(C1206)
Added Component: Designator=C27(C1206)
Added Component: Designator=C28(C0603)
Added Component: Designator=C29(C0603)
Added Component: Designator=C30(C0603)
Added Component: Designator=C31(C0603)
Added Component: Designator=C32(C0603)
Added Component: Designator=C33(C0603)
Added Component: Designator=C34(C1206)
Added Component: Designator=C35(C1206)
Added Component: Designator=D1(DO-214AC)
Added Component: Designator=D2(DIO47A)
Added Component: Designator=D3(DIO47A)
Added Component: Designator=D4(DIO47A)
Added Component: Designator=D5(DIO47A)
Added Component: Designator=D6(DIO47A)
Added Component: Designator=D7(DIO47A)
Added Component: Designator=D8(SOD123)
Added Component: Designator=D9(DIO4004A)
Added Component: Designator=D10(DIO4004A)
Added Component: Designator=D11(SOD123)
Added Component: Designator=D12(SOD123)
Added Component: Designator=D13(SOD123)
Added Component: Designator=G1(RELG6D1A)
Added Component: Designator=G2(RELG6D1A)
Added Component: Designator=J1(CON_PROG)
Added Component: Designator=J2(HDR1X3)
Added Component: Designator=J3(CNT4F5)
Added Component: Designator=J4(CNT4F5)
Added Component: Designator=J5(CNT8C3)
Added Component: Designator=J6(HDR1X3)
Added Component: Designator=J7(CNT4J)
Added Component: Designator=J8(HDR1X3)
Added Component: Designator=J9(CNT2H)
Added Component: Designator=J10(BARF-2X4)
Added Component: Designator=J11(BARF-2X4)
Added Component: Designator=J12(BARF-2X4)
Added Component: Designator=J13(CNT4F0)
Added Component: Designator=L1(SELF270)
Added Component: Designator=L2(LED-R1A)
Added Component: Designator=L3(LED-V1A)
Added Component: Designator=LOGO_1(LogoNePasJeter)
Added Component: Designator=LOGO_2(LogoPB)
Added Component: Designator=LOGO_3(LogoCE)
Added Component: Designator=M1(I2C_OLED_0.96)
Added Component: Designator=R1(R0603)
Added Component: Designator=R2(R0603)
Added Component: Designator=R3(R0603)
Added Component: Designator=R4(R0603)
Added Component: Designator=R5(R0603)
Added Component: Designator=R6(R0603)
Added Component: Designator=R7(R0603)
Added Component: Designator=R8(R0603)
Added Component: Designator=R9(R0603)
Added Component: Designator=R10(R0603)
Added Component: Designator=R11(R0603)
Added Component: Designator=R12(R0603)
Added Component: Designator=R13(R0603)
Added Component: Designator=R14(R0603)
Added Component: Designator=R15(R0603)
Added Component: Designator=R16(R0603)
Added Component: Designator=R17(R0603)
Added Component: Designator=R18(RCER005)
Added Component: Designator=R19(RCER005)
Added Component: Designator=R20(RCER005)
Added Component: Designator=R21(RCER005)
Added Component: Designator=R22(R0603)
Added Component: Designator=R23(R0603)
Added Component: Designator=R24(R0603)
Added Component: Designator=R25(R0603)
Added Component: Designator=R26(R0603)
Added Component: Designator=R27(R0603)
Added Component: Designator=R28(R0603)
Added Component: Designator=R29(R0603)
Added Component: Designator=R30(R0603)
Added Component: Designator=R31(R0603)
Added Component: Designator=R32(R0603)
Added Component: Designator=R33(R0603)
Added Component: Designator=R34(R0603)
Added Component: Designator=R35(R0603)
Added Component: Designator=R36(R0603)
Added Component: Designator=R37(R0603)
Added Component: Designator=R38(R0603)
Added Component: Designator=R39(R0603)
Added Component: Designator=R40(R0603)
Added Component: Designator=R41(R0603)
Added Component: Designator=R42(R0603)
Added Component: Designator=R43(R0603)
Added Component: Designator=R44(R0603)
Added Component: Designator=R45(R0603)
Added Component: Designator=R46(R0603)
Added Component: Designator=R47(R0603)
Added Component: Designator=R48(R0603)
Added Component: Designator=R49(R0603)
Added Component: Designator=R50(R0603)
Added Component: Designator=R51(R0603)
Added Component: Designator=R52(R0603)
Added Component: Designator=R53(R0603)
Added Component: Designator=R54(R0603)
Added Component: Designator=S1(SCHUNT)
Added Component: Designator=S2(SCHUNT)
Added Component: Designator=S4(INT-O)
Added Component: Designator=S5(INT-O)
Added Component: Designator=S6(INT-O)
Added Component: Designator=T1(TRA007)
Added Component: Designator=T2(TRA007)
Added Component: Designator=T3(TRA007)
Added Component: Designator=T4(TRA007)
Added Component: Designator=T5(TRA202)
Added Component: Designator=T6(TRA202)
Added Component: Designator=T7(TRA202)
Added Component: Designator=U1(MUA08A_M)
Added Component: Designator=U2(TQFP-48)
Added Component: Designator=U3(SOT223)
Added Component: Designator=U4(REG5VD)
Added Component: Designator=U5(QUA8G)
Added Component: Designator=U6(DIP8)
Added Component: Designator=U7(CIA6031)
Added Component: Designator=U8(CIA6031)
Added Component: Designator=U9(CIA6031)
Added Component: Designator=U10(CIA6031)
Added Component: Designator=U11(REG5VG)
Added Component: Designator=U12(REG5VG)
Added Component: Designator=V1(VAR47A)
Added Component: Designator=V2(VAR47A)
Added Component: Designator=VIS_1(HOLE3.5mm)
Added Component: Designator=VIS_2(HOLE3.5mm)
Added Component: Designator=VIS_3(HOLE3.5mm)
Added Component: Designator=VIS_4(HOLE3.5mm)
Added Pin To Net: NetName=+3.3V Pin=C4-2
Added Pin To Net: NetName=+3.3V Pin=C12-1
Added Pin To Net: NetName=+3.3V Pin=C13-2
Added Pin To Net: NetName=+3.3V Pin=C17-2
Added Pin To Net: NetName=+3.3V Pin=C18-2
Added Pin To Net: NetName=+3.3V Pin=C19-2
Added Pin To Net: NetName=+3.3V Pin=C20-2
Added Pin To Net: NetName=+3.3V Pin=C21-2
Added Pin To Net: NetName=+3.3V Pin=C31-2
Added Pin To Net: NetName=+3.3V Pin=C32-2
Added Pin To Net: NetName=+3.3V Pin=C33-2
Added Pin To Net: NetName=+3.3V Pin=D8-2
Added Pin To Net: NetName=+3.3V Pin=J1-1
Added Pin To Net: NetName=+3.3V Pin=J7-1
Added Pin To Net: NetName=+3.3V Pin=J10-1
Added Pin To Net: NetName=+3.3V Pin=J11-1
Added Pin To Net: NetName=+3.3V Pin=J12-1
Added Pin To Net: NetName=+3.3V Pin=M1-2
Added Pin To Net: NetName=+3.3V Pin=R6-2
Added Pin To Net: NetName=+3.3V Pin=R7-2
Added Pin To Net: NetName=+3.3V Pin=R8-2
Added Pin To Net: NetName=+3.3V Pin=R10-2
Added Pin To Net: NetName=+3.3V Pin=R11-2
Added Pin To Net: NetName=+3.3V Pin=R42-2
Added Pin To Net: NetName=+3.3V Pin=R43-2
Added Pin To Net: NetName=+3.3V Pin=R44-2
Added Pin To Net: NetName=+3.3V Pin=R45-1
Added Pin To Net: NetName=+3.3V Pin=R46-1
Added Pin To Net: NetName=+3.3V Pin=U2-1
Added Pin To Net: NetName=+3.3V Pin=U2-9
Added Pin To Net: NetName=+3.3V Pin=U2-24
Added Pin To Net: NetName=+3.3V Pin=U2-36
Added Pin To Net: NetName=+3.3V Pin=U2-48
Added Pin To Net: NetName=+3.3V Pin=U3-2
Added Pin To Net: NetName=+3.3V Pin=U3-4
Added Pin To Net: NetName=+3.3V Pin=U7-5
Added Pin To Net: NetName=+3.3V Pin=U8-5
Added Pin To Net: NetName=+3.3V Pin=U9-5
Added Pin To Net: NetName=+3.3V Pin=U10-5
Added Net: Name=+3.3V
Added Pin To Net: NetName=+5V Pin=C10-2
Added Pin To Net: NetName=+5V Pin=C11-1
Added Pin To Net: NetName=+5V Pin=U3-3
Added Pin To Net: NetName=+5V Pin=U4-1
Added Pin To Net: NetName=+5V Pin=U6-8
Added Net: Name=+5V
Added Pin To Net: NetName=+12V Pin=C6-2
Added Pin To Net: NetName=+12V Pin=C7-2
Added Pin To Net: NetName=+12V Pin=C9-1
Added Pin To Net: NetName=+12V Pin=D9-1
Added Pin To Net: NetName=+12V Pin=D10-1
Added Pin To Net: NetName=+12V Pin=G1-7
Added Pin To Net: NetName=+12V Pin=G2-7
Added Pin To Net: NetName=+12V Pin=J2-2
Added Pin To Net: NetName=+12V Pin=L1-2
Added Pin To Net: NetName=+12V Pin=L1-2
Added Pin To Net: NetName=+12V Pin=R3-1
Added Pin To Net: NetName=+12V Pin=R4-1
Added Pin To Net: NetName=+12V Pin=S2-1
Added Pin To Net: NetName=+12V Pin=U11-1
Added Pin To Net: NetName=+12V Pin=U12-1
Added Net: Name=+12V
Added Pin To Net: NetName=+ALIM Pin=C2-2
Added Pin To Net: NetName=+ALIM Pin=C30-1
Added Pin To Net: NetName=+ALIM Pin=D2-1
Added Pin To Net: NetName=+ALIM Pin=D3-1
Added Pin To Net: NetName=+ALIM Pin=D4-1
Added Pin To Net: NetName=+ALIM Pin=J5-1
Added Pin To Net: NetName=+ALIM Pin=J5-3
Added Pin To Net: NetName=+ALIM Pin=J5-5
Added Pin To Net: NetName=+ALIM Pin=J5-7
Added Pin To Net: NetName=+ALIM Pin=R1-2
Added Pin To Net: NetName=+ALIM Pin=R51-2
Added Pin To Net: NetName=+ALIM Pin=S1-1
Added Pin To Net: NetName=+ALIM Pin=S2-2
Added Pin To Net: NetName=+ALIM Pin=U1-8
Added Net: Name=+ALIM
Added Pin To Net: NetName=BOOT0 Pin=R10-1
Added Pin To Net: NetName=BOOT0 Pin=R12-2
Added Pin To Net: NetName=BOOT0 Pin=U2-44
Added Net: Name=BOOT0
Added Pin To Net: NetName=BOOT1 Pin=R11-1
Added Pin To Net: NetName=BOOT1 Pin=R13-2
Added Pin To Net: NetName=BOOT1 Pin=U2-20
Added Net: Name=BOOT1
Added Pin To Net: NetName=CURRENT1 Pin=C24-1
Added Pin To Net: NetName=CURRENT1 Pin=R24-1
Added Pin To Net: NetName=CURRENT1 Pin=U2-10
Added Net: Name=CURRENT1
Added Pin To Net: NetName=CURRENT2 Pin=C28-1
Added Pin To Net: NetName=CURRENT2 Pin=R34-1
Added Pin To Net: NetName=CURRENT2 Pin=U2-11
Added Net: Name=CURRENT2
Added Pin To Net: NetName=CURRENT3 Pin=C25-1
Added Pin To Net: NetName=CURRENT3 Pin=R25-1
Added Pin To Net: NetName=CURRENT3 Pin=U2-14
Added Net: Name=CURRENT3
Added Pin To Net: NetName=CURRENT4 Pin=C29-1
Added Pin To Net: NetName=CURRENT4 Pin=R35-1
Added Pin To Net: NetName=CURRENT4 Pin=U2-15
Added Net: Name=CURRENT4
Added Pin To Net: NetName=DIN Pin=U2-13
Added Pin To Net: NetName=DIN Pin=U6-1
Added Net: Name=DIN
Added Pin To Net: NetName=DMX+ Pin=J3-2
Added Pin To Net: NetName=DMX+ Pin=J4-2
Added Pin To Net: NetName=DMX+ Pin=U6-6
Added Pin To Net: NetName=DMX+ Pin=V1-1
Added Net: Name=DMX+
Added Pin To Net: NetName=DMX- Pin=J3-3
Added Pin To Net: NetName=DMX- Pin=J4-3
Added Pin To Net: NetName=DMX- Pin=U6-7
Added Pin To Net: NetName=DMX- Pin=V2-1
Added Net: Name=DMX-
Added Pin To Net: NetName=DOUT Pin=U2-12
Added Pin To Net: NetName=DOUT Pin=U6-4
Added Net: Name=DOUT
Added Pin To Net: NetName=FAN-GND Pin=J2-3
Added Pin To Net: NetName=FAN-GND Pin=T5-3
Added Net: Name=FAN-GND
Added Pin To Net: NetName=FAN Pin=R9-2
Added Pin To Net: NetName=FAN Pin=T5-1
Added Pin To Net: NetName=FAN Pin=U2-40
Added Net: Name=FAN
Added Pin To Net: NetName=GND Pin=C1-1
Added Pin To Net: NetName=GND Pin=C4-1
Added Pin To Net: NetName=GND Pin=C5-1
Added Pin To Net: NetName=GND Pin=C6-1
Added Pin To Net: NetName=GND Pin=C7-1
Added Pin To Net: NetName=GND Pin=C8-1
Added Pin To Net: NetName=GND Pin=C9-2
Added Pin To Net: NetName=GND Pin=C10-1
Added Pin To Net: NetName=GND Pin=C11-2
Added Pin To Net: NetName=GND Pin=C12-2
Added Pin To Net: NetName=GND Pin=C13-1
Added Pin To Net: NetName=GND Pin=C14-1
Added Pin To Net: NetName=GND Pin=C15-2
Added Pin To Net: NetName=GND Pin=C16-1
Added Pin To Net: NetName=GND Pin=C17-1
Added Pin To Net: NetName=GND Pin=C18-1
Added Pin To Net: NetName=GND Pin=C19-1
Added Pin To Net: NetName=GND Pin=C20-1
Added Pin To Net: NetName=GND Pin=C21-1
Added Pin To Net: NetName=GND Pin=C22-1
Added Pin To Net: NetName=GND Pin=C23-1
Added Pin To Net: NetName=GND Pin=C24-2
Added Pin To Net: NetName=GND Pin=C25-2
Added Pin To Net: NetName=GND Pin=C26-1
Added Pin To Net: NetName=GND Pin=C27-1
Added Pin To Net: NetName=GND Pin=C28-2
Added Pin To Net: NetName=GND Pin=C29-2
Added Pin To Net: NetName=GND Pin=C30-2
Added Pin To Net: NetName=GND Pin=C34-1
Added Pin To Net: NetName=GND Pin=C35-1
Added Pin To Net: NetName=GND Pin=D1-1
Added Pin To Net: NetName=GND Pin=D5-2
Added Pin To Net: NetName=GND Pin=D6-2
Added Pin To Net: NetName=GND Pin=D7-2
Added Pin To Net: NetName=GND Pin=D8-1
Added Pin To Net: NetName=GND Pin=D11-1
Added Pin To Net: NetName=GND Pin=D12-1
Added Pin To Net: NetName=GND Pin=D13-1
Added Pin To Net: NetName=GND Pin=J1-5
Added Pin To Net: NetName=GND Pin=J3-1
Added Pin To Net: NetName=GND Pin=J4-1
Added Pin To Net: NetName=GND Pin=J6-1
Added Pin To Net: NetName=GND Pin=J7-4
Added Pin To Net: NetName=GND Pin=J8-1
Added Pin To Net: NetName=GND Pin=J9-2
Added Pin To Net: NetName=GND Pin=J10-8
Added Pin To Net: NetName=GND Pin=J11-8
Added Pin To Net: NetName=GND Pin=J12-8
Added Pin To Net: NetName=GND Pin=L2-2
Added Pin To Net: NetName=GND Pin=L3-2
Added Pin To Net: NetName=GND Pin=M1-1
Added Pin To Net: NetName=GND Pin=R2-2
Added Pin To Net: NetName=GND Pin=R5-2
Added Pin To Net: NetName=GND Pin=R9-1
Added Pin To Net: NetName=GND Pin=R12-1
Added Pin To Net: NetName=GND Pin=R13-1
Added Pin To Net: NetName=GND Pin=R18-1
Added Pin To Net: NetName=GND Pin=R19-1
Added Pin To Net: NetName=GND Pin=R20-1
Added Pin To Net: NetName=GND Pin=R21-1
Added Pin To Net: NetName=GND Pin=R26-2
Added Pin To Net: NetName=GND Pin=R28-2
Added Pin To Net: NetName=GND Pin=R30-1
Added Pin To Net: NetName=GND Pin=R31-1
Added Pin To Net: NetName=GND Pin=R37-2
Added Pin To Net: NetName=GND Pin=R39-2
Added Pin To Net: NetName=GND Pin=R49-2
Added Pin To Net: NetName=GND Pin=R50-2
Added Pin To Net: NetName=GND Pin=R52-1
Added Pin To Net: NetName=GND Pin=S4-1
Added Pin To Net: NetName=GND Pin=S5-1
Added Pin To Net: NetName=GND Pin=S6-1
Added Pin To Net: NetName=GND Pin=T5-2
Added Pin To Net: NetName=GND Pin=T6-2
Added Pin To Net: NetName=GND Pin=T7-2
Added Pin To Net: NetName=GND Pin=U1-4
Added Pin To Net: NetName=GND Pin=U2-8
Added Pin To Net: NetName=GND Pin=U2-23
Added Pin To Net: NetName=GND Pin=U2-35
Added Pin To Net: NetName=GND Pin=U2-47
Added Pin To Net: NetName=GND Pin=U3-1
Added Pin To Net: NetName=GND Pin=U4-2
Added Pin To Net: NetName=GND Pin=U4-3
Added Pin To Net: NetName=GND Pin=U5-2
Added Pin To Net: NetName=GND Pin=U5-4
Added Pin To Net: NetName=GND Pin=U6-5
Added Pin To Net: NetName=GND Pin=U7-2
Added Pin To Net: NetName=GND Pin=U8-2
Added Pin To Net: NetName=GND Pin=U9-2
Added Pin To Net: NetName=GND Pin=U10-2
Added Pin To Net: NetName=GND Pin=U11-2
Added Pin To Net: NetName=GND Pin=U12-2
Added Pin To Net: NetName=GND Pin=V1-2
Added Pin To Net: NetName=GND Pin=V2-2
Added Net: Name=GND
Added Pin To Net: NetName=I1 Pin=D11-2
Added Pin To Net: NetName=I1 Pin=R47-2
Added Pin To Net: NetName=I1 Pin=U2-16
Added Net: Name=I1
Added Pin To Net: NetName=I2 Pin=D12-2
Added Pin To Net: NetName=I2 Pin=R48-2
Added Pin To Net: NetName=I2 Pin=U2-17
Added Net: Name=I2
Added Pin To Net: NetName=IN1 Pin=J7-2
Added Pin To Net: NetName=IN1 Pin=R45-2
Added Pin To Net: NetName=IN1 Pin=R47-1
Added Pin To Net: NetName=IN1 Pin=R49-1
Added Net: Name=IN1
Added Pin To Net: NetName=IN2 Pin=J7-3
Added Pin To Net: NetName=IN2 Pin=R46-2
Added Pin To Net: NetName=IN2 Pin=R48-1
Added Pin To Net: NetName=IN2 Pin=R50-1
Added Net: Name=IN2
Added Pin To Net: NetName=LED1_GND Pin=J5-2
Added Pin To Net: NetName=LED1_GND Pin=T1-9
Added Pin To Net: NetName=LED1_GND Pin=T1-9
Added Pin To Net: NetName=LED1_GND Pin=T1-9
Added Net: Name=LED1_GND
Added Pin To Net: NetName=LED2_GND Pin=J5-4
Added Pin To Net: NetName=LED2_GND Pin=T2-9
Added Pin To Net: NetName=LED2_GND Pin=T2-9
Added Pin To Net: NetName=LED2_GND Pin=T2-9
Added Net: Name=LED2_GND
Added Pin To Net: NetName=LED3_GND Pin=J5-6
Added Pin To Net: NetName=LED3_GND Pin=T3-9
Added Pin To Net: NetName=LED3_GND Pin=T3-9
Added Pin To Net: NetName=LED3_GND Pin=T3-9
Added Net: Name=LED3_GND
Added Pin To Net: NetName=LED4_GND Pin=J5-8
Added Pin To Net: NetName=LED4_GND Pin=T4-9
Added Pin To Net: NetName=LED4_GND Pin=T4-9
Added Pin To Net: NetName=LED4_GND Pin=T4-9
Added Net: Name=LED4_GND
Added Pin To Net: NetName=LED-R Pin=R53-2
Added Pin To Net: NetName=LED-R Pin=U2-3
Added Net: Name=LED-R
Added Pin To Net: NetName=LED-V Pin=R54-2
Added Pin To Net: NetName=LED-V Pin=U2-2
Added Net: Name=LED-V
Added Pin To Net: NetName=NetC1_2 Pin=C1-2
Added Pin To Net: NetName=NetC1_2 Pin=U1-7
Added Net: Name=NetC1_2
Added Pin To Net: NetName=NetC2_1 Pin=C2-1
Added Pin To Net: NetName=NetC2_1 Pin=C5-2
Added Net: Name=NetC2_1
Added Pin To Net: NetName=NetC3_1 Pin=C3-1
Added Pin To Net: NetName=NetC3_1 Pin=D1-2
Added Pin To Net: NetName=NetC3_1 Pin=L1-1
Added Pin To Net: NetName=NetC3_1 Pin=L1-1
Added Pin To Net: NetName=NetC3_1 Pin=U1-1
Added Net: Name=NetC3_1
Added Pin To Net: NetName=NetC3_2 Pin=C3-2
Added Pin To Net: NetName=NetC3_2 Pin=U1-2
Added Net: Name=NetC3_2
Added Pin To Net: NetName=NetC8_2 Pin=C8-2
Added Pin To Net: NetName=NetC8_2 Pin=R4-2
Added Net: Name=NetC8_2
Added Pin To Net: NetName=NetC15_1 Pin=C15-1
Added Pin To Net: NetName=NetC15_1 Pin=U2-5
Added Pin To Net: NetName=NetC15_1 Pin=U5-3
Added Net: Name=NetC15_1
Added Pin To Net: NetName=NetC16_2 Pin=C16-2
Added Pin To Net: NetName=NetC16_2 Pin=U2-6
Added Pin To Net: NetName=NetC16_2 Pin=U5-1
Added Net: Name=NetC16_2
Added Pin To Net: NetName=NetC22_2 Pin=C22-2
Added Pin To Net: NetName=NetC22_2 Pin=R22-1
Added Pin To Net: NetName=NetC22_2 Pin=U7-3
Added Net: Name=NetC22_2
Added Pin To Net: NetName=NetC23_2 Pin=C23-2
Added Pin To Net: NetName=NetC23_2 Pin=R23-1
Added Pin To Net: NetName=NetC23_2 Pin=U8-3
Added Net: Name=NetC23_2
Added Pin To Net: NetName=NetC26_2 Pin=C26-2
Added Pin To Net: NetName=NetC26_2 Pin=R32-1
Added Pin To Net: NetName=NetC26_2 Pin=U9-3
Added Net: Name=NetC26_2
Added Pin To Net: NetName=NetC27_2 Pin=C27-2
Added Pin To Net: NetName=NetC27_2 Pin=R33-1
Added Pin To Net: NetName=NetC27_2 Pin=U10-3
Added Net: Name=NetC27_2
Added Pin To Net: NetName=NetC34_2 Pin=C34-2
Added Pin To Net: NetName=NetC34_2 Pin=J6-2
Added Pin To Net: NetName=NetC34_2 Pin=U11-3
Added Net: Name=NetC34_2
Added Pin To Net: NetName=NetC35_2 Pin=C35-2
Added Pin To Net: NetName=NetC35_2 Pin=J8-2
Added Pin To Net: NetName=NetC35_2 Pin=U12-3
Added Net: Name=NetC35_2
Added Pin To Net: NetName=NetD2_2 Pin=D2-2
Added Pin To Net: NetName=NetD2_2 Pin=D3-2
Added Pin To Net: NetName=NetD2_2 Pin=D4-2
Added Pin To Net: NetName=NetD2_2 Pin=D5-1
Added Pin To Net: NetName=NetD2_2 Pin=D6-1
Added Pin To Net: NetName=NetD2_2 Pin=D7-1
Added Pin To Net: NetName=NetD2_2 Pin=S1-2
Added Net: Name=NetD2_2
Added Pin To Net: NetName=NetD9_2 Pin=D9-2
Added Pin To Net: NetName=NetD9_2 Pin=G1-8
Added Pin To Net: NetName=NetD9_2 Pin=T6-3
Added Net: Name=NetD9_2
Added Pin To Net: NetName=NetD10_2 Pin=D10-2
Added Pin To Net: NetName=NetD10_2 Pin=G2-8
Added Pin To Net: NetName=NetD10_2 Pin=T7-3
Added Net: Name=NetD10_2
Added Pin To Net: NetName=NetF1_1 Pin=J9-1
Added Net: Name=NetF1_1
Added Pin To Net: NetName=NetJ6_3 Pin=J6-3
Added Pin To Net: NetName=NetJ6_3 Pin=R36-1
Added Net: Name=NetJ6_3
Added Pin To Net: NetName=NetJ8_3 Pin=J8-3
Added Pin To Net: NetName=NetJ8_3 Pin=R41-1
Added Net: Name=NetJ8_3
Added Pin To Net: NetName=NetL2_1 Pin=L2-1
Added Pin To Net: NetName=NetL2_1 Pin=R53-1
Added Net: Name=NetL2_1
Added Pin To Net: NetName=NetL3_1 Pin=L3-1
Added Pin To Net: NetName=NetL3_1 Pin=R54-1
Added Net: Name=NetL3_1
Added Pin To Net: NetName=NetR1_1 Pin=R1-1
Added Pin To Net: NetName=NetR1_1 Pin=U1-6
Added Net: Name=NetR1_1
Added Pin To Net: NetName=NetR2_1 Pin=R2-1
Added Pin To Net: NetName=NetR2_1 Pin=U1-3
Added Net: Name=NetR2_1
Added Pin To Net: NetName=NetR3_2 Pin=R3-2
Added Pin To Net: NetName=NetR3_2 Pin=R5-1
Added Pin To Net: NetName=NetR3_2 Pin=U1-5
Added Net: Name=NetR3_2
Added Pin To Net: NetName=NetR14_1 Pin=R14-1
Added Pin To Net: NetName=NetR14_1 Pin=T1-1
Added Net: Name=NetR14_1
Added Pin To Net: NetName=NetR15_1 Pin=R15-1
Added Pin To Net: NetName=NetR15_1 Pin=T2-1
Added Net: Name=NetR15_1
Added Pin To Net: NetName=NetR16_1 Pin=R16-1
Added Pin To Net: NetName=NetR16_1 Pin=T3-1
Added Net: Name=NetR16_1
Added Pin To Net: NetName=NetR17_1 Pin=R17-1
Added Pin To Net: NetName=NetR17_1 Pin=T4-1
Added Net: Name=NetR17_1
Added Pin To Net: NetName=NetR24_2 Pin=R24-2
Added Pin To Net: NetName=NetR24_2 Pin=R27-1
Added Pin To Net: NetName=NetR24_2 Pin=U7-1
Added Net: Name=NetR24_2
Added Pin To Net: NetName=NetR25_2 Pin=R25-2
Added Pin To Net: NetName=NetR25_2 Pin=R29-1
Added Pin To Net: NetName=NetR25_2 Pin=U8-1
Added Net: Name=NetR25_2
Added Pin To Net: NetName=NetR26_1 Pin=R26-1
Added Pin To Net: NetName=NetR26_1 Pin=R27-2
Added Pin To Net: NetName=NetR26_1 Pin=U7-4
Added Net: Name=NetR26_1
Added Pin To Net: NetName=NetR28_1 Pin=R28-1
Added Pin To Net: NetName=NetR28_1 Pin=R29-2
Added Pin To Net: NetName=NetR28_1 Pin=U8-4
Added Net: Name=NetR28_1
Added Pin To Net: NetName=NetR34_2 Pin=R34-2
Added Pin To Net: NetName=NetR34_2 Pin=R38-1
Added Pin To Net: NetName=NetR34_2 Pin=U9-1
Added Net: Name=NetR34_2
Added Pin To Net: NetName=NetR35_2 Pin=R35-2
Added Pin To Net: NetName=NetR35_2 Pin=R40-1
Added Pin To Net: NetName=NetR35_2 Pin=U10-1
Added Net: Name=NetR35_2
Added Pin To Net: NetName=NetR37_1 Pin=R37-1
Added Pin To Net: NetName=NetR37_1 Pin=R38-2
Added Pin To Net: NetName=NetR37_1 Pin=U9-4
Added Net: Name=NetR37_1
Added Pin To Net: NetName=NetR39_1 Pin=R39-1
Added Pin To Net: NetName=NetR39_1 Pin=R40-2
Added Pin To Net: NetName=NetR39_1 Pin=U10-4
Added Net: Name=NetR39_1
Added Pin To Net: NetName=NRST Pin=C14-2
Added Pin To Net: NetName=NRST Pin=J1-4
Added Pin To Net: NetName=NRST Pin=R6-1
Added Pin To Net: NetName=NRST Pin=U2-7
Added Net: Name=NRST
Added Pin To Net: NetName=PWM1 Pin=R14-2
Added Pin To Net: NetName=PWM1 Pin=U2-38
Added Net: Name=PWM1
Added Pin To Net: NetName=PWM2 Pin=R15-2
Added Pin To Net: NetName=PWM2 Pin=U2-39
Added Net: Name=PWM2
Added Pin To Net: NetName=PWM3 Pin=R16-2
Added Pin To Net: NetName=PWM3 Pin=U2-21
Added Net: Name=PWM3
Added Pin To Net: NetName=PWM4 Pin=R17-2
Added Pin To Net: NetName=PWM4 Pin=U2-22
Added Net: Name=PWM4
Added Pin To Net: NetName=RE/DE Pin=U2-4
Added Pin To Net: NetName=RE/DE Pin=U6-2
Added Pin To Net: NetName=RE/DE Pin=U6-3
Added Net: Name=RE/DE
Added Pin To Net: NetName=REL1-COM Pin=G1-2
Added Pin To Net: NetName=REL1-COM Pin=J13-1
Added Net: Name=REL1-COM
Added Pin To Net: NetName=REL1-NO Pin=G1-3
Added Pin To Net: NetName=REL1-NO Pin=J13-2
Added Net: Name=REL1-NO
Added Pin To Net: NetName=REL1 Pin=R30-2
Added Pin To Net: NetName=REL1 Pin=T6-1
Added Pin To Net: NetName=REL1 Pin=U2-27
Added Net: Name=REL1
Added Pin To Net: NetName=REL2-COM Pin=G2-2
Added Pin To Net: NetName=REL2-COM Pin=J13-3
Added Net: Name=REL2-COM
Added Pin To Net: NetName=REL2-NO Pin=G2-3
Added Pin To Net: NetName=REL2-NO Pin=J13-4
Added Net: Name=REL2-NO
Added Pin To Net: NetName=REL2 Pin=R31-2
Added Pin To Net: NetName=REL2 Pin=T7-1
Added Pin To Net: NetName=REL2 Pin=U2-28
Added Net: Name=REL2
Added Pin To Net: NetName=RES-SHUNT1 Pin=R18-2
Added Pin To Net: NetName=RES-SHUNT1 Pin=R22-2
Added Pin To Net: NetName=RES-SHUNT1 Pin=T1-2
Added Pin To Net: NetName=RES-SHUNT1 Pin=T1-3
Added Pin To Net: NetName=RES-SHUNT1 Pin=T1-4
Added Pin To Net: NetName=RES-SHUNT1 Pin=T1-5
Added Pin To Net: NetName=RES-SHUNT1 Pin=T1-6
Added Pin To Net: NetName=RES-SHUNT1 Pin=T1-7
Added Pin To Net: NetName=RES-SHUNT1 Pin=T1-8
Added Net: Name=RES-SHUNT1
Added Pin To Net: NetName=RES-SHUNT2 Pin=R19-2
Added Pin To Net: NetName=RES-SHUNT2 Pin=R32-2
Added Pin To Net: NetName=RES-SHUNT2 Pin=T2-2
Added Pin To Net: NetName=RES-SHUNT2 Pin=T2-3
Added Pin To Net: NetName=RES-SHUNT2 Pin=T2-4
Added Pin To Net: NetName=RES-SHUNT2 Pin=T2-5
Added Pin To Net: NetName=RES-SHUNT2 Pin=T2-6
Added Pin To Net: NetName=RES-SHUNT2 Pin=T2-7
Added Pin To Net: NetName=RES-SHUNT2 Pin=T2-8
Added Net: Name=RES-SHUNT2
Added Pin To Net: NetName=RES-SHUNT3 Pin=R20-2
Added Pin To Net: NetName=RES-SHUNT3 Pin=R23-2
Added Pin To Net: NetName=RES-SHUNT3 Pin=T3-2
Added Pin To Net: NetName=RES-SHUNT3 Pin=T3-3
Added Pin To Net: NetName=RES-SHUNT3 Pin=T3-4
Added Pin To Net: NetName=RES-SHUNT3 Pin=T3-5
Added Pin To Net: NetName=RES-SHUNT3 Pin=T3-6
Added Pin To Net: NetName=RES-SHUNT3 Pin=T3-7
Added Pin To Net: NetName=RES-SHUNT3 Pin=T3-8
Added Net: Name=RES-SHUNT3
Added Pin To Net: NetName=RES-SHUNT4 Pin=R21-2
Added Pin To Net: NetName=RES-SHUNT4 Pin=R33-2
Added Pin To Net: NetName=RES-SHUNT4 Pin=T4-2
Added Pin To Net: NetName=RES-SHUNT4 Pin=T4-3
Added Pin To Net: NetName=RES-SHUNT4 Pin=T4-4
Added Pin To Net: NetName=RES-SHUNT4 Pin=T4-5
Added Pin To Net: NetName=RES-SHUNT4 Pin=T4-6
Added Pin To Net: NetName=RES-SHUNT4 Pin=T4-7
Added Pin To Net: NetName=RES-SHUNT4 Pin=T4-8
Added Net: Name=RES-SHUNT4
Added Pin To Net: NetName=RX_DEBUG Pin=J1-7
Added Pin To Net: NetName=RX_DEBUG Pin=U2-31
Added Net: Name=RX_DEBUG
Added Pin To Net: NetName=S1 Pin=R36-2
Added Pin To Net: NetName=S1 Pin=U2-42
Added Net: Name=S1
Added Pin To Net: NetName=S2 Pin=R41-2
Added Pin To Net: NetName=S2 Pin=U2-43
Added Net: Name=S2
Added Pin To Net: NetName=SCL Pin=J10-5
Added Pin To Net: NetName=SCL Pin=J11-5
Added Pin To Net: NetName=SCL Pin=J12-5
Added Pin To Net: NetName=SCL Pin=M1-3
Added Pin To Net: NetName=SCL Pin=R8-1
Added Pin To Net: NetName=SCL Pin=U2-45
Added Net: Name=SCL
Added Pin To Net: NetName=SDA Pin=J10-6
Added Pin To Net: NetName=SDA Pin=J11-6
Added Pin To Net: NetName=SDA Pin=J12-6
Added Pin To Net: NetName=SDA Pin=M1-4
Added Pin To Net: NetName=SDA Pin=R7-1
Added Pin To Net: NetName=SDA Pin=U2-46
Added Net: Name=SDA
Added Pin To Net: NetName=SWCLK Pin=J1-3
Added Pin To Net: NetName=SWCLK Pin=U2-37
Added Net: Name=SWCLK
Added Pin To Net: NetName=SWDIO Pin=J1-2
Added Pin To Net: NetName=SWDIO Pin=U2-34
Added Net: Name=SWDIO
Added Pin To Net: NetName=T1 Pin=C31-1
Added Pin To Net: NetName=T1 Pin=J10-2
Added Pin To Net: NetName=T1 Pin=J11-2
Added Pin To Net: NetName=T1 Pin=J12-2
Added Pin To Net: NetName=T1 Pin=R42-1
Added Pin To Net: NetName=T1 Pin=S4-4
Added Pin To Net: NetName=T1 Pin=U2-18
Added Net: Name=T1
Added Pin To Net: NetName=T2 Pin=C32-1
Added Pin To Net: NetName=T2 Pin=J10-3
Added Pin To Net: NetName=T2 Pin=J11-3
Added Pin To Net: NetName=T2 Pin=J12-3
Added Pin To Net: NetName=T2 Pin=R43-1
Added Pin To Net: NetName=T2 Pin=S5-4
Added Pin To Net: NetName=T2 Pin=U2-25
Added Net: Name=T2
Added Pin To Net: NetName=T3 Pin=C33-1
Added Pin To Net: NetName=T3 Pin=J10-4
Added Pin To Net: NetName=T3 Pin=J11-4
Added Pin To Net: NetName=T3 Pin=J12-4
Added Pin To Net: NetName=T3 Pin=R44-1
Added Pin To Net: NetName=T3 Pin=S6-4
Added Pin To Net: NetName=T3 Pin=U2-26
Added Net: Name=T3
Added Pin To Net: NetName=TX_DEBUG Pin=J1-6
Added Pin To Net: NetName=TX_DEBUG Pin=U2-30
Added Net: Name=TX_DEBUG
Added Pin To Net: NetName=VOLTAGE Pin=D13-2
Added Pin To Net: NetName=VOLTAGE Pin=R51-1
Added Pin To Net: NetName=VOLTAGE Pin=R52-2
Added Pin To Net: NetName=VOLTAGE Pin=U2-19
Added Net: Name=VOLTAGE
Added Class: Name=IHM
Added Class: Name=MCU
Added Class: Name=Mechanical
Added Class: Name=Outputs
Added Class: Name=Power_Supply
Added Room: Name=IHM
Added Room: Name=MCU
Added Room: Name=Mechanical
Added Room: Name=Outputs
Added Room: Name=Power_Supply
